#
# There is insufficient memory for the Java Runtime Environment to continue.
# Native memory allocation (malloc) failed to allocate 708336 bytes. Error detail: Chunk::new
# Possible reasons:
#   The system is out of physical RAM or swap space
#   This process is running with CompressedOops enabled, and the Java Heap may be blocking the growth of the native heap
# Possible solutions:
#   Reduce memory load on the system
#   Increase physical memory or swap space
#   Check if swap backing store is full
#   Decrease Java heap size (-Xmx/-Xms)
#   Decrease number of Java threads
#   Decrease Java thread stack sizes (-Xss)
#   Set larger code cache with -XX:ReservedCodeCacheSize=
#   JVM is running with Unscaled Compressed Oops mode in which the Java heap is
#     placed in the first 4GB address space. The Java Heap base address is the
#     maximum limit for the native heap growth. Please use -XX:HeapBaseMinAddress
#     to set the Java Heap base and to place the Java Heap above 4GB virtual address.
# This output file may be truncated or incomplete.
#
#  Out of Memory Error (arena.cpp:168), pid=21312, tid=30576
#
# JRE version: OpenJDK Runtime Environment Temurin-21.0.8+9 (21.0.8+9) (build 21.0.8+9-LTS)
# Java VM: OpenJDK 64-Bit Server VM Temurin-21.0.8+9 (21.0.8+9-LTS, mixed mode, sharing, tiered, compressed oops, compressed class ptrs, parallel gc, windows-amd64)
# No core dump will be written. Minidumps are not enabled by default on client versions of Windows
#

---------------  S U M M A R Y ------------

Command Line: --add-modules=ALL-SYSTEM --add-opens=java.base/java.util=ALL-UNNAMED --add-opens=java.base/java.lang=ALL-UNNAMED --add-opens=java.base/sun.nio.fs=ALL-UNNAMED -Declipse.application=org.eclipse.jdt.ls.core.id1 -Dosgi.bundles.defaultStartLevel=4 -Declipse.product=org.eclipse.jdt.ls.core.product -Djava.import.generatesMetadataFilesAtProjectRoot=false -DDetectVMInstallationsJob.disabled=true -Dfile.encoding=utf8 -XX:+UseParallelGC -XX:GCTimeRatio=4 -XX:AdaptiveSizePolicyWeight=90 -Dsun.zip.disableMemoryMapping=true -Xmx2G -Xms100m -Xlog:disable -javaagent:c:\Users\manan\.vscode\extensions\redhat.java-1.44.0-win32-x64\lombok\lombok-1.18.39-4050.jar -XX:+HeapDumpOnOutOfMemoryError -XX:HeapDumpPath=c:\Users\manan\AppData\Roaming\Code\User\workspaceStorage\446918f447d380bc4bd8d35023d68a69\redhat.java -Daether.dependencyCollector.impl=bf c:\Users\manan\.vscode\extensions\redhat.java-1.44.0-win32-x64\server\plugins\org.eclipse.equinox.launcher_1.7.0.v20250519-0528.jar -configuration c:\Users\manan\AppData\Roaming\Code\User\globalStorage\redhat.java\1.44.0\config_win -data c:\Users\manan\AppData\Roaming\Code\User\workspaceStorage\446918f447d380bc4bd8d35023d68a69\redhat.java\jdt_ws --pipe=\\.\pipe\lsp-924042bca1bffcf6e8bd4fe0fd8d21eb-sock

Host: 12th Gen Intel(R) Core(TM) i5-1235U, 12 cores, 15G,  Windows 11 , 64 bit Build 26100 (10.0.26100.4768)
Time: Fri Aug 29 11:08:46 2025 India Standard Time elapsed time: 37.471165 seconds (0d 0h 0m 37s)

---------------  T H R E A D  ---------------

Current thread (0x0000020d4ac34070):  JavaThread "C2 CompilerThread1" daemon [_thread_in_native, id=30576, stack(0x0000006a68d00000,0x0000006a68e00000) (1024K)]


Current CompileTask:
C2:37471 12943   !   4       org.eclipse.jdt.internal.core.search.indexing.IndexManager::updateMetaIndex (209 bytes)

Stack: [0x0000006a68d00000,0x0000006a68e00000]
Native frames: (J=compiled Java code, j=interpreted, Vv=VM code, C=native code)
V  [jvm.dll+0x6d2449]
V  [jvm.dll+0x8ae341]
V  [jvm.dll+0x8b08be]
V  [jvm.dll+0x8b0fa3]
V  [jvm.dll+0x280c96]
V  [jvm.dll+0xc581d]
V  [jvm.dll+0xc5d53]
V  [jvm.dll+0x2f539d]
V  [jvm.dll+0x5fa00a]
V  [jvm.dll+0x252092]
V  [jvm.dll+0x25244f]
V  [jvm.dll+0x24ad14]
V  [jvm.dll+0x2483a4]
V  [jvm.dll+0x1c89ee]
V  [jvm.dll+0x257d4d]
V  [jvm.dll+0x2562ea]
V  [jvm.dll+0x3f2d16]
V  [jvm.dll+0x857e6b]
V  [jvm.dll+0x6d0b0d]
C  [ucrtbase.dll+0x37b0]
C  [KERNEL32.DLL+0x2e8d7]
C  [ntdll.dll+0x3c34c]


---------------  P R O C E S S  ---------------

Threads class SMR info:
_java_thread_list=0x0000020d4ae34cd0, length=70, elements={
0x0000020d651fc9d0, 0x0000020d652a3380, 0x0000020d7d99cc50, 0x0000020d652a6bd0,
0x0000020d652a7bd0, 0x0000020d652a9b30, 0x0000020d652b7b10, 0x0000020d652bb8b0,
0x0000020d652bd8b0, 0x0000020d7eeef540, 0x0000020d7eeeeeb0, 0x0000020d7eeee820,
0x0000020d457190f0, 0x0000020d4571a4a0, 0x0000020d45719780, 0x0000020d45b51b10,
0x0000020d45b51480, 0x0000020d45b521a0, 0x0000020d45b500d0, 0x0000020d45b50760,
0x0000020d45b4ed20, 0x0000020d45b52830, 0x0000020d45b52ec0, 0x0000020d45b53550,
0x0000020d45b53be0, 0x0000020d45b50df0, 0x0000020d45b54900, 0x0000020d45b55cb0,
0x0000020d45b54f90, 0x0000020d45b55620, 0x0000020d45b56340, 0x0000020d475b6080,
0x0000020d475b4640, 0x0000020d475b3920, 0x0000020d475b3fb0, 0x0000020d475b4cd0,
0x0000020d475b3290, 0x0000020d475b6da0, 0x0000020d475b7430, 0x0000020d475b6710,
0x0000020d475b7ac0, 0x0000020d475b8150, 0x0000020d491a00e0, 0x0000020d4919e6a0,
0x0000020d491a1490, 0x0000020d491a2840, 0x0000020d4919f3c0, 0x0000020d491a2ed0,
0x0000020d491a1b20, 0x0000020d491a0e00, 0x0000020d491a21b0, 0x0000020d4919fa50,
0x0000020d491a3bf0, 0x0000020d491a3560, 0x0000020d491a0770, 0x0000020d491a4280,
0x0000020d491a4910, 0x0000020d491a4fa0, 0x0000020d491a5630, 0x0000020d491a5cc0,
0x0000020d5350f0f0, 0x0000020d5350fe10, 0x0000020d5350dd40, 0x0000020d5350f780,
0x0000020d535104a0, 0x0000020d53510b30, 0x0000020d535111c0, 0x0000020d53511850,
0x0000020d4ac34070, 0x0000020d4ac36280
}

Java Threads: ( => current thread )
  0x0000020d651fc9d0 JavaThread "main"                              [_thread_blocked, id=27588, stack(0x0000006a67700000,0x0000006a67800000) (1024K)]
  0x0000020d652a3380 JavaThread "Reference Handler"          daemon [_thread_blocked, id=18132, stack(0x0000006a67b00000,0x0000006a67c00000) (1024K)]
  0x0000020d7d99cc50 JavaThread "Finalizer"                  daemon [_thread_blocked, id=3124, stack(0x0000006a67c00000,0x0000006a67d00000) (1024K)]
  0x0000020d652a6bd0 JavaThread "Signal Dispatcher"          daemon [_thread_blocked, id=24408, stack(0x0000006a67d00000,0x0000006a67e00000) (1024K)]
  0x0000020d652a7bd0 JavaThread "Attach Listener"            daemon [_thread_blocked, id=8764, stack(0x0000006a67e00000,0x0000006a67f00000) (1024K)]
  0x0000020d652a9b30 JavaThread "Service Thread"             daemon [_thread_blocked, id=11148, stack(0x0000006a67f00000,0x0000006a68000000) (1024K)]
  0x0000020d652b7b10 JavaThread "Monitor Deflation Thread"   daemon [_thread_blocked, id=19916, stack(0x0000006a68000000,0x0000006a68100000) (1024K)]
  0x0000020d652bb8b0 JavaThread "C2 CompilerThread0"         daemon [_thread_blocked, id=6416, stack(0x0000006a68100000,0x0000006a68200000) (1024K)]
  0x0000020d652bd8b0 JavaThread "C1 CompilerThread0"         daemon [_thread_blocked, id=30388, stack(0x0000006a68200000,0x0000006a68300000) (1024K)]
  0x0000020d7eeef540 JavaThread "Common-Cleaner"             daemon [_thread_blocked, id=25936, stack(0x0000006a68300000,0x0000006a68400000) (1024K)]
  0x0000020d7eeeeeb0 JavaThread "Notification Thread"        daemon [_thread_blocked, id=25688, stack(0x0000006a68500000,0x0000006a68600000) (1024K)]
  0x0000020d7eeee820 JavaThread "Active Thread: Equinox Container: 892b9e54-ca84-4a80-b26a-015e89ed680b"        [_thread_blocked, id=27848, stack(0x0000006a69300000,0x0000006a69400000) (1024K)]
  0x0000020d457190f0 JavaThread "Framework Event Dispatcher: Equinox Container: 892b9e54-ca84-4a80-b26a-015e89ed680b" daemon [_thread_blocked, id=5000, stack(0x0000006a68400000,0x0000006a68500000) (1024K)]
  0x0000020d4571a4a0 JavaThread "Start Level: Equinox Container: 892b9e54-ca84-4a80-b26a-015e89ed680b" daemon [_thread_blocked, id=29616, stack(0x0000006a68600000,0x0000006a68700000) (1024K)]
  0x0000020d45719780 JavaThread "Refresh Thread: Equinox Container: 892b9e54-ca84-4a80-b26a-015e89ed680b" daemon [_thread_blocked, id=3620, stack(0x0000006a69700000,0x0000006a69800000) (1024K)]
  0x0000020d45b51b10 JavaThread "Bundle File Closer"         daemon [_thread_blocked, id=9300, stack(0x0000006a69500000,0x0000006a69600000) (1024K)]
  0x0000020d45b51480 JavaThread "SCR Component Actor"        daemon [_thread_blocked, id=28480, stack(0x0000006a69600000,0x0000006a69700000) (1024K)]
  0x0000020d45b521a0 JavaThread "Worker-JM"                         [_thread_blocked, id=22080, stack(0x0000006a6a200000,0x0000006a6a300000) (1024K)]
  0x0000020d45b500d0 JavaThread "Worker-0: Java indexing... "        [_thread_blocked, id=26672, stack(0x0000006a6a300000,0x0000006a6a400000) (1024K)]
  0x0000020d45b50760 JavaThread "Worker-1"                          [_thread_blocked, id=31244, stack(0x0000006a6a400000,0x0000006a6a500000) (1024K)]
  0x0000020d45b4ed20 JavaThread "Worker-2"                          [_thread_blocked, id=23712, stack(0x0000006a6a600000,0x0000006a6a700000) (1024K)]
  0x0000020d45b52830 JavaThread "Java indexing"              daemon [_thread_in_native, id=5564, stack(0x0000006a6a700000,0x0000006a6a800000) (1024K)]
  0x0000020d45b52ec0 JavaThread "JNA Cleaner"                daemon [_thread_blocked, id=27928, stack(0x0000006a6a800000,0x0000006a6a900000) (1024K)]
  0x0000020d45b53550 JavaThread "Worker-3: Check JDK Index"         [_thread_blocked, id=27492, stack(0x0000006a6ab00000,0x0000006a6ac00000) (1024K)]
  0x0000020d45b53be0 JavaThread "Thread-2"                   daemon [_thread_in_native, id=30920, stack(0x0000006a6ac00000,0x0000006a6ad00000) (1024K)]
  0x0000020d45b50df0 JavaThread "Thread-3"                   daemon [_thread_in_native, id=19956, stack(0x0000006a6ad00000,0x0000006a6ae00000) (1024K)]
  0x0000020d45b54900 JavaThread "Thread-4"                   daemon [_thread_in_native, id=25412, stack(0x0000006a6ae00000,0x0000006a6af00000) (1024K)]
  0x0000020d45b55cb0 JavaThread "Thread-5"                   daemon [_thread_in_native, id=14852, stack(0x0000006a6af00000,0x0000006a6b000000) (1024K)]
  0x0000020d45b54f90 JavaThread "Thread-6"                   daemon [_thread_in_native, id=10428, stack(0x0000006a6b000000,0x0000006a6b100000) (1024K)]
  0x0000020d45b55620 JavaThread "Thread-7"                   daemon [_thread_in_native, id=25068, stack(0x0000006a6b100000,0x0000006a6b200000) (1024K)]
  0x0000020d45b56340 JavaThread "Thread-8"                   daemon [_thread_in_native, id=8468, stack(0x0000006a6b200000,0x0000006a6b300000) (1024K)]
  0x0000020d475b6080 JavaThread "Thread-9"                   daemon [_thread_in_native, id=9684, stack(0x0000006a6b300000,0x0000006a6b400000) (1024K)]
  0x0000020d475b4640 JavaThread "Thread-10"                  daemon [_thread_in_native, id=6592, stack(0x0000006a6b400000,0x0000006a6b500000) (1024K)]
  0x0000020d475b3920 JavaThread "Thread-11"                  daemon [_thread_in_native, id=16436, stack(0x0000006a6b500000,0x0000006a6b600000) (1024K)]
  0x0000020d475b3fb0 JavaThread "Thread-12"                  daemon [_thread_in_native, id=6360, stack(0x0000006a6b600000,0x0000006a6b700000) (1024K)]
  0x0000020d475b4cd0 JavaThread "Thread-13"                  daemon [_thread_in_native, id=9900, stack(0x0000006a6b700000,0x0000006a6b800000) (1024K)]
  0x0000020d475b3290 JavaThread "Thread-14"                  daemon [_thread_in_native, id=31296, stack(0x0000006a6b800000,0x0000006a6b900000) (1024K)]
  0x0000020d475b6da0 JavaThread "pool-2-thread-1"                   [_thread_blocked, id=7412, stack(0x0000006a6b900000,0x0000006a6ba00000) (1024K)]
  0x0000020d475b7430 JavaThread "Worker-4"                          [_thread_blocked, id=6564, stack(0x0000006a6bb00000,0x0000006a6bc00000) (1024K)]
  0x0000020d475b6710 JavaThread "WorkspaceEventsHandler"            [_thread_blocked, id=11648, stack(0x0000006a6bc00000,0x0000006a6bd00000) (1024K)]
  0x0000020d475b7ac0 JavaThread "pool-1-thread-1"                   [_thread_blocked, id=21840, stack(0x0000006a6bd00000,0x0000006a6be00000) (1024K)]
  0x0000020d475b8150 JavaThread "Worker-5"                          [_thread_blocked, id=17000, stack(0x0000006a6be00000,0x0000006a6bf00000) (1024K)]
  0x0000020d491a00e0 JavaThread "LocalFile Deleter"          daemon [_thread_blocked, id=4828, stack(0x0000006a6c000000,0x0000006a6c100000) (1024K)]
  0x0000020d4919e6a0 JavaThread "LocalFile Deleter"          daemon [_thread_blocked, id=26680, stack(0x0000006a6c100000,0x0000006a6c200000) (1024K)]
  0x0000020d491a1490 JavaThread "LocalFile Deleter"          daemon [_thread_blocked, id=11708, stack(0x0000006a6c200000,0x0000006a6c300000) (1024K)]
  0x0000020d491a2840 JavaThread "LocalFile Deleter"          daemon [_thread_blocked, id=7236, stack(0x0000006a6c300000,0x0000006a6c400000) (1024K)]
  0x0000020d4919f3c0 JavaThread "LocalFile Deleter"          daemon [_thread_blocked, id=27916, stack(0x0000006a6c400000,0x0000006a6c500000) (1024K)]
  0x0000020d491a2ed0 JavaThread "LocalFile Deleter"          daemon [_thread_blocked, id=28516, stack(0x0000006a6c500000,0x0000006a6c600000) (1024K)]
  0x0000020d491a1b20 JavaThread "LocalFile Deleter"          daemon [_thread_blocked, id=11580, stack(0x0000006a6c600000,0x0000006a6c700000) (1024K)]
  0x0000020d491a0e00 JavaThread "LocalFile Deleter"          daemon [_thread_blocked, id=27968, stack(0x0000006a6c700000,0x0000006a6c800000) (1024K)]
  0x0000020d491a21b0 JavaThread "Compiler Source File Reader" daemon [_thread_blocked, id=13556, stack(0x0000006a6c800000,0x0000006a6c900000) (1024K)]
  0x0000020d4919fa50 JavaThread "Compiler Source File Reader" daemon [_thread_blocked, id=17504, stack(0x0000006a6c900000,0x0000006a6ca00000) (1024K)]
  0x0000020d491a3bf0 JavaThread "Compiler Source File Reader" daemon [_thread_blocked, id=2208, stack(0x0000006a6ca00000,0x0000006a6cb00000) (1024K)]
  0x0000020d491a3560 JavaThread "Compiler Source File Reader" daemon [_thread_blocked, id=26940, stack(0x0000006a6cb00000,0x0000006a6cc00000) (1024K)]
  0x0000020d491a0770 JavaThread "Compiler Source File Reader" daemon [_thread_blocked, id=6832, stack(0x0000006a6cc00000,0x0000006a6cd00000) (1024K)]
  0x0000020d491a4280 JavaThread "Compiler Source File Reader" daemon [_thread_blocked, id=4912, stack(0x0000006a6cd00000,0x0000006a6ce00000) (1024K)]
  0x0000020d491a4910 JavaThread "Compiler Source File Reader" daemon [_thread_blocked, id=27036, stack(0x0000006a6ce00000,0x0000006a6cf00000) (1024K)]
  0x0000020d491a4fa0 JavaThread "Compiler Source File Reader" daemon [_thread_blocked, id=12300, stack(0x0000006a6cf00000,0x0000006a6d000000) (1024K)]
  0x0000020d491a5630 JavaThread "Compiler Processing Task"   daemon [_thread_blocked, id=14168, stack(0x0000006a6d000000,0x0000006a6d100000) (1024K)]
  0x0000020d491a5cc0 JavaThread "Compiler Class File Writer" daemon [_thread_blocked, id=20740, stack(0x0000006a6d100000,0x0000006a6d200000) (1024K)]
  0x0000020d5350f0f0 JavaThread "Compiler Class File Writer" daemon [_thread_blocked, id=22372, stack(0x0000006a6d200000,0x0000006a6d300000) (1024K)]
  0x0000020d5350fe10 JavaThread "Compiler Class File Writer" daemon [_thread_blocked, id=12736, stack(0x0000006a6d300000,0x0000006a6d400000) (1024K)]
  0x0000020d5350dd40 JavaThread "Compiler Class File Writer" daemon [_thread_blocked, id=12572, stack(0x0000006a6d400000,0x0000006a6d500000) (1024K)]
  0x0000020d5350f780 JavaThread "Compiler Class File Writer" daemon [_thread_blocked, id=31252, stack(0x0000006a6d500000,0x0000006a6d600000) (1024K)]
  0x0000020d535104a0 JavaThread "Compiler Class File Writer" daemon [_thread_blocked, id=14288, stack(0x0000006a6d600000,0x0000006a6d700000) (1024K)]
  0x0000020d53510b30 JavaThread "Compiler Class File Writer" daemon [_thread_blocked, id=25212, stack(0x0000006a6d700000,0x0000006a6d800000) (1024K)]
  0x0000020d535111c0 JavaThread "Compiler Class File Writer" daemon [_thread_blocked, id=27028, stack(0x0000006a6d800000,0x0000006a6d900000) (1024K)]
  0x0000020d53511850 JavaThread "Compiler Class File Writer" daemon [_thread_blocked, id=10464, stack(0x0000006a6d900000,0x0000006a6da00000) (1024K)]
=>0x0000020d4ac34070 JavaThread "C2 CompilerThread1"         daemon [_thread_in_native, id=30576, stack(0x0000006a68d00000,0x0000006a68e00000) (1024K)]
  0x0000020d4ac36280 JavaThread "C2 CompilerThread2"         daemon [_thread_in_native, id=8788, stack(0x0000006a68e00000,0x0000006a68f00000) (1024K)]
Total: 70

Other Threads:
  0x0000020d7d9848d0 VMThread "VM Thread"                           [id=29964, stack(0x0000006a67a00000,0x0000006a67b00000) (1024K)]
  0x0000020d7d87c8d0 WatcherThread "VM Periodic Task Thread"        [id=20148, stack(0x0000006a67900000,0x0000006a67a00000) (1024K)]
  0x0000020d6521d170 WorkerThread "GC Thread#0"                     [id=30208, stack(0x0000006a67800000,0x0000006a67900000) (1024K)]
  0x0000020d45498f20 WorkerThread "GC Thread#1"                     [id=6976, stack(0x0000006a68700000,0x0000006a68800000) (1024K)]
  0x0000020d457cab50 WorkerThread "GC Thread#2"                     [id=16356, stack(0x0000006a68800000,0x0000006a68900000) (1024K)]
  0x0000020d45726620 WorkerThread "GC Thread#3"                     [id=20080, stack(0x0000006a68900000,0x0000006a68a00000) (1024K)]
  0x0000020d457269c0 WorkerThread "GC Thread#4"                     [id=28704, stack(0x0000006a68a00000,0x0000006a68b00000) (1024K)]
  0x0000020d457935a0 WorkerThread "GC Thread#5"                     [id=17952, stack(0x0000006a68b00000,0x0000006a68c00000) (1024K)]
  0x0000020d45793940 WorkerThread "GC Thread#6"                     [id=21676, stack(0x0000006a68c00000,0x0000006a68d00000) (1024K)]
  0x0000020d458eb9d0 WorkerThread "GC Thread#7"                     [id=31080, stack(0x0000006a69400000,0x0000006a69500000) (1024K)]
  0x0000020d7ee8b180 WorkerThread "GC Thread#8"                     [id=31164, stack(0x0000006a69e00000,0x0000006a69f00000) (1024K)]
  0x0000020d7ee8bc60 WorkerThread "GC Thread#9"                     [id=4608, stack(0x0000006a69f00000,0x0000006a6a000000) (1024K)]
Total: 12

Threads with active compile tasks:
C2 CompilerThread1  37501 12943   !   4       org.eclipse.jdt.internal.core.search.indexing.IndexManager::updateMetaIndex (209 bytes)
C2 CompilerThread2  37501 12983       4       org.eclipse.jdt.internal.compiler.parser.Parser::consumeRule (7748 bytes)
Total: 2

VM state: at safepoint (normal execution)

VM Mutex/Monitor currently owned by a thread:  ([mutex/lock_event])
[0x00007ffb8db35458] Threads_lock - owner thread: 0x0000020d7d9848d0
[0x00007ffb8db35558] Heap_lock - owner thread: 0x0000020d45b52830

Heap address: 0x0000000080000000, size: 2048 MB, Compressed Oops mode: 32-bit

CDS archive(s) mapped at: [0x0000020d00000000-0x0000020d00ba0000-0x0000020d00ba0000), size 12189696, SharedBaseAddress: 0x0000020d00000000, ArchiveRelocationMode: 1.
Compressed class space mapped at: 0x0000020d01000000-0x0000020d41000000, reserved size: 1073741824
Narrow klass base: 0x0000020d00000000, Narrow klass shift: 0, Narrow klass range: 0x100000000

GC Precious Log:
 CardTable entry size: 512
 CPUs: 12 total, 12 available
 Memory: 16052M
 Large Page Support: Disabled
 NUMA Support: Disabled
 Compressed Oops: Enabled (32-bit)
 Alignments: Space 512K, Generation 512K, Heap 2M
 Heap Min Capacity: 100M
 Heap Initial Capacity: 100M
 Heap Max Capacity: 2G
 Pre-touch: Disabled
 Parallel Workers: 10

Heap:
 PSYoungGen      total 3584K, used 3360K [0x00000000d5580000, 0x00000000d5a00000, 0x0000000100000000)
  eden space 3072K, 100% used [0x00000000d5580000,0x00000000d5880000,0x00000000d5880000)
  from space 512K, 56% used [0x00000000d5900000,0x00000000d5948000,0x00000000d5980000)
  to   space 512K, 0% used [0x00000000d5980000,0x00000000d5980000,0x00000000d5a00000)
 ParOldGen       total 592384K, used 592205K [0x0000000080000000, 0x00000000a4280000, 0x00000000d5580000)
  object space 592384K, 99% used [0x0000000080000000,0x00000000a4253708,0x00000000a4280000)
 Metaspace       used 70281K, committed 71744K, reserved 1114112K
  class space    used 7543K, committed 8192K, reserved 1048576K

Card table byte_map: [0x0000020d78cb0000,0x0000020d790c0000] _byte_map_base: 0x0000020d788b0000

Marking Bits: (ParMarkBitMap*) 0x00007ffb8db3a340
 Begin Bits: [0x0000020d79370000, 0x0000020d7b370000)
 End Bits:   [0x0000020d7b370000, 0x0000020d7d370000)

Polling page: 0x0000020d64d50000

Metaspace:

Usage:
  Non-class:     61.27 MB used.
      Class:      7.37 MB used.
       Both:     68.63 MB used.

Virtual space:
  Non-class space:       64.00 MB reserved,      62.06 MB ( 97%) committed,  1 nodes.
      Class space:        1.00 GB reserved,       8.00 MB ( <1%) committed,  1 nodes.
             Both:        1.06 GB reserved,      70.06 MB (  6%) committed. 

Chunk freelists:
   Non-Class:  1.69 MB
       Class:  8.03 MB
        Both:  9.72 MB

MaxMetaspaceSize: unlimited
CompressedClassSpaceSize: 1.00 GB
Initial GC threshold: 21.00 MB
Current GC threshold: 97.31 MB
CDS: on
 - commit_granule_bytes: 65536.
 - commit_granule_words: 8192.
 - virtual_space_node_default_size: 8388608.
 - enlarge_chunks_in_place: 1.
 - use_allocation_guard: 0.


Internal statistics:

num_allocs_failed_limit: 9.
num_arena_births: 1192.
num_arena_deaths: 16.
num_vsnodes_births: 2.
num_vsnodes_deaths: 0.
num_space_committed: 1121.
num_space_uncommitted: 0.
num_chunks_returned_to_freelist: 25.
num_chunks_taken_from_freelist: 4232.
num_chunk_merges: 10.
num_chunk_splits: 2644.
num_chunks_enlarged: 1585.
num_inconsistent_stats: 0.

CodeHeap 'non-profiled nmethods': size=120000Kb used=9921Kb max_used=9921Kb free=110078Kb
 bounds [0x0000020d71590000, 0x0000020d71f50000, 0x0000020d78ac0000]
CodeHeap 'profiled nmethods': size=120000Kb used=27190Kb max_used=27190Kb free=92809Kb
 bounds [0x0000020d69ac0000, 0x0000020d6b550000, 0x0000020d70ff0000]
CodeHeap 'non-nmethods': size=5760Kb used=1469Kb max_used=1557Kb free=4290Kb
 bounds [0x0000020d70ff0000, 0x0000020d71260000, 0x0000020d71590000]
CodeCache: size=245760Kb, used=38580Kb, max_used=38668Kb, free=207177Kb
 total_blobs=12959, nmethods=12173, adapters=691, full_count=0
Compilation: enabled, stopped_count=0, restarted_count=0

Compilation events (20 events):
Event: 37.458 Thread 0x0000020d652bd8b0 13007       3       org.eclipse.core.internal.resources.Project::checkAccessible (42 bytes)
Event: 37.459 Thread 0x0000020d4ac36280 nmethod 12955 0x0000020d71f34310 code [0x0000020d71f344a0, 0x0000020d71f34648]
Event: 37.461 Thread 0x0000020d652bd8b0 nmethod 13007 0x0000020d6b540490 code [0x0000020d6b5406c0, 0x0000020d6b540f90]
Event: 37.461 Thread 0x0000020d652bd8b0 13008       3       org.eclipse.jdt.internal.core.JavaProject::getEclipsePreferences (178 bytes)
Event: 37.461 Thread 0x0000020d4ac36280 13010       4       java.lang.CharacterDataLatin1::digit (32 bytes)
Event: 37.462 Thread 0x0000020d4ac36280 nmethod 13010 0x0000020d71f34810 code [0x0000020d71f349a0, 0x0000020d71f34a90]
Event: 37.462 Thread 0x0000020d4ac36280 12961       4       org.eclipse.jdt.core.compiler.CharOperation::isWhitespace (23 bytes)
Event: 37.463 Thread 0x0000020d4ac36280 nmethod 12961 0x0000020d71f34b90 code [0x0000020d71f34d20, 0x0000020d71f34dd8]
Event: 37.463 Thread 0x0000020d4ac36280 12983       4       org.eclipse.jdt.internal.compiler.parser.Parser::consumeRule (7748 bytes)
Event: 37.463 Thread 0x0000020d652bd8b0 nmethod 13008 0x0000020d6b541310 code [0x0000020d6b541780, 0x0000020d6b543988]
Event: 37.463 Thread 0x0000020d652bd8b0 13009   !   3       org.eclipse.jdt.internal.core.JavaProject::getOption (43 bytes)
Event: 37.464 Thread 0x0000020d652bd8b0 nmethod 13009 0x0000020d6b544790 code [0x0000020d6b544980, 0x0000020d6b544db0]
Event: 37.464 Thread 0x0000020d652bd8b0 13005       3       org.eclipse.jdt.internal.core.util.Util::concatWith (53 bytes)
Event: 37.464 Thread 0x0000020d652bd8b0 nmethod 13005 0x0000020d6b545010 code [0x0000020d6b545220, 0x0000020d6b5457f0]
Event: 37.464 Thread 0x0000020d652bd8b0 13011       3       org.eclipse.jdt.internal.core.builder.ClasspathLocation::areAllModuleOptionsEqual (281 bytes)
Event: 37.465 Thread 0x0000020d652bd8b0 nmethod 13011 0x0000020d6b545a90 code [0x0000020d6b545e60, 0x0000020d6b5472f8]
Event: 37.465 Thread 0x0000020d652bd8b0 13012       3       org.eclipse.jdt.internal.core.ModularClassFile::getModule (39 bytes)
Event: 37.466 Thread 0x0000020d652bd8b0 nmethod 13012 0x0000020d6b547810 code [0x0000020d6b547a60, 0x0000020d6b5486d0]
Event: 37.466 Thread 0x0000020d652bd8b0 13013   !   3       org.eclipse.jdt.internal.core.JavaElement::openWhenClosed (172 bytes)
Event: 37.467 Thread 0x0000020d652bd8b0 nmethod 13013 0x0000020d6b548a10 code [0x0000020d6b548e80, 0x0000020d6b54b890]

GC Heap History (20 events):
Event: 37.234 GC heap after
{Heap after GC invocations=636 (full 3):
 PSYoungGen      total 4096K, used 832K [0x00000000d5580000, 0x00000000d5a80000, 0x0000000100000000)
  eden space 2560K, 0% used [0x00000000d5580000,0x00000000d5580000,0x00000000d5800000)
  from space 1536K, 54% used [0x00000000d5800000,0x00000000d58d0000,0x00000000d5980000)
  to   space 1024K, 0% used [0x00000000d5980000,0x00000000d5980000,0x00000000d5a80000)
 ParOldGen       total 583168K, used 582802K [0x0000000080000000, 0x00000000a3980000, 0x00000000d5580000)
  object space 583168K, 99% used [0x0000000080000000,0x00000000a3924a18,0x00000000a3980000)
 Metaspace       used 70103K, committed 71552K, reserved 1114112K
  class space    used 7528K, committed 8192K, reserved 1048576K
}
Event: 37.258 GC heap before
{Heap before GC invocations=637 (full 3):
 PSYoungGen      total 4096K, used 3391K [0x00000000d5580000, 0x00000000d5a80000, 0x0000000100000000)
  eden space 2560K, 99% used [0x00000000d5580000,0x00000000d57fffd0,0x00000000d5800000)
  from space 1536K, 54% used [0x00000000d5800000,0x00000000d58d0000,0x00000000d5980000)
  to   space 1024K, 0% used [0x00000000d5980000,0x00000000d5980000,0x00000000d5a80000)
 ParOldGen       total 583168K, used 582802K [0x0000000080000000, 0x00000000a3980000, 0x00000000d5580000)
  object space 583168K, 99% used [0x0000000080000000,0x00000000a3924a18,0x00000000a3980000)
 Metaspace       used 70103K, committed 71552K, reserved 1114112K
  class space    used 7528K, committed 8192K, reserved 1048576K
}
Event: 37.260 GC heap after
{Heap after GC invocations=637 (full 3):
 PSYoungGen      total 3584K, used 896K [0x00000000d5580000, 0x00000000d5a80000, 0x0000000100000000)
  eden space 2560K, 0% used [0x00000000d5580000,0x00000000d5580000,0x00000000d5800000)
  from space 1024K, 87% used [0x00000000d5980000,0x00000000d5a60000,0x00000000d5a80000)
  to   space 1024K, 0% used [0x00000000d5880000,0x00000000d5880000,0x00000000d5980000)
 ParOldGen       total 583680K, used 583553K [0x0000000080000000, 0x00000000a3a00000, 0x00000000d5580000)
  object space 583680K, 99% used [0x0000000080000000,0x00000000a39e0488,0x00000000a3a00000)
 Metaspace       used 70103K, committed 71552K, reserved 1114112K
  class space    used 7528K, committed 8192K, reserved 1048576K
}
Event: 37.285 GC heap before
{Heap before GC invocations=638 (full 3):
 PSYoungGen      total 3584K, used 3456K [0x00000000d5580000, 0x00000000d5a80000, 0x0000000100000000)
  eden space 2560K, 100% used [0x00000000d5580000,0x00000000d5800000,0x00000000d5800000)
  from space 1024K, 87% used [0x00000000d5980000,0x00000000d5a60000,0x00000000d5a80000)
  to   space 1024K, 0% used [0x00000000d5880000,0x00000000d5880000,0x00000000d5980000)
 ParOldGen       total 583680K, used 583553K [0x0000000080000000, 0x00000000a3a00000, 0x00000000d5580000)
  object space 583680K, 99% used [0x0000000080000000,0x00000000a39e0488,0x00000000a3a00000)
 Metaspace       used 70103K, committed 71552K, reserved 1114112K
  class space    used 7528K, committed 8192K, reserved 1048576K
}
Event: 37.287 GC heap after
{Heap after GC invocations=638 (full 3):
 PSYoungGen      total 3584K, used 1024K [0x00000000d5580000, 0x00000000d5c00000, 0x0000000100000000)
  eden space 2560K, 0% used [0x00000000d5580000,0x00000000d5580000,0x00000000d5800000)
  from space 1024K, 100% used [0x00000000d5880000,0x00000000d5980000,0x00000000d5980000)
  to   space 2048K, 0% used [0x00000000d5a00000,0x00000000d5a00000,0x00000000d5c00000)
 ParOldGen       total 584704K, used 584310K [0x0000000080000000, 0x00000000a3b00000, 0x00000000d5580000)
  object space 584704K, 99% used [0x0000000080000000,0x00000000a3a9daa0,0x00000000a3b00000)
 Metaspace       used 70103K, committed 71552K, reserved 1114112K
  class space    used 7528K, committed 8192K, reserved 1048576K
}
Event: 37.305 GC heap before
{Heap before GC invocations=639 (full 3):
 PSYoungGen      total 3584K, used 3584K [0x00000000d5580000, 0x00000000d5c00000, 0x0000000100000000)
  eden space 2560K, 100% used [0x00000000d5580000,0x00000000d5800000,0x00000000d5800000)
  from space 1024K, 100% used [0x00000000d5880000,0x00000000d5980000,0x00000000d5980000)
  to   space 2048K, 0% used [0x00000000d5a00000,0x00000000d5a00000,0x00000000d5c00000)
 ParOldGen       total 584704K, used 584310K [0x0000000080000000, 0x00000000a3b00000, 0x00000000d5580000)
  object space 584704K, 99% used [0x0000000080000000,0x00000000a3a9daa0,0x00000000a3b00000)
 Metaspace       used 70103K, committed 71552K, reserved 1114112K
  class space    used 7528K, committed 8192K, reserved 1048576K
}
Event: 37.307 GC heap after
{Heap after GC invocations=639 (full 3):
 PSYoungGen      total 3584K, used 896K [0x00000000d5580000, 0x00000000d5b00000, 0x0000000100000000)
  eden space 2560K, 0% used [0x00000000d5580000,0x00000000d5580000,0x00000000d5800000)
  from space 1024K, 87% used [0x00000000d5a00000,0x00000000d5ae0000,0x00000000d5b00000)
  to   space 1536K, 0% used [0x00000000d5800000,0x00000000d5800000,0x00000000d5980000)
 ParOldGen       total 585216K, used 585088K [0x0000000080000000, 0x00000000a3b80000, 0x00000000d5580000)
  object space 585216K, 99% used [0x0000000080000000,0x00000000a3b600c0,0x00000000a3b80000)
 Metaspace       used 70103K, committed 71552K, reserved 1114112K
  class space    used 7528K, committed 8192K, reserved 1048576K
}
Event: 37.330 GC heap before
{Heap before GC invocations=640 (full 3):
 PSYoungGen      total 3584K, used 3456K [0x00000000d5580000, 0x00000000d5b00000, 0x0000000100000000)
  eden space 2560K, 100% used [0x00000000d5580000,0x00000000d5800000,0x00000000d5800000)
  from space 1024K, 87% used [0x00000000d5a00000,0x00000000d5ae0000,0x00000000d5b00000)
  to   space 1536K, 0% used [0x00000000d5800000,0x00000000d5800000,0x00000000d5980000)
 ParOldGen       total 585216K, used 585088K [0x0000000080000000, 0x00000000a3b80000, 0x00000000d5580000)
  object space 585216K, 99% used [0x0000000080000000,0x00000000a3b600c0,0x00000000a3b80000)
 Metaspace       used 70103K, committed 71552K, reserved 1114112K
  class space    used 7528K, committed 8192K, reserved 1048576K
}
Event: 37.332 GC heap after
{Heap after GC invocations=640 (full 3):
 PSYoungGen      total 4096K, used 864K [0x00000000d5580000, 0x00000000d5a80000, 0x0000000100000000)
  eden space 2560K, 0% used [0x00000000d5580000,0x00000000d5580000,0x00000000d5800000)
  from space 1536K, 56% used [0x00000000d5800000,0x00000000d58d8000,0x00000000d5980000)
  to   space 1024K, 0% used [0x00000000d5980000,0x00000000d5980000,0x00000000d5a80000)
 ParOldGen       total 586240K, used 585891K [0x0000000080000000, 0x00000000a3c80000, 0x00000000d5580000)
  object space 586240K, 99% used [0x0000000080000000,0x00000000a3c28d10,0x00000000a3c80000)
 Metaspace       used 70103K, committed 71552K, reserved 1114112K
  class space    used 7528K, committed 8192K, reserved 1048576K
}
Event: 37.353 GC heap before
{Heap before GC invocations=641 (full 3):
 PSYoungGen      total 4096K, used 3424K [0x00000000d5580000, 0x00000000d5a80000, 0x0000000100000000)
  eden space 2560K, 100% used [0x00000000d5580000,0x00000000d5800000,0x00000000d5800000)
  from space 1536K, 56% used [0x00000000d5800000,0x00000000d58d8000,0x00000000d5980000)
  to   space 1024K, 0% used [0x00000000d5980000,0x00000000d5980000,0x00000000d5a80000)
 ParOldGen       total 586240K, used 585891K [0x0000000080000000, 0x00000000a3c80000, 0x00000000d5580000)
  object space 586240K, 99% used [0x0000000080000000,0x00000000a3c28d10,0x00000000a3c80000)
 Metaspace       used 70104K, committed 71552K, reserved 1114112K
  class space    used 7528K, committed 8192K, reserved 1048576K
}
Event: 37.355 GC heap after
{Heap after GC invocations=641 (full 3):
 PSYoungGen      total 3584K, used 864K [0x00000000d5580000, 0x00000000d5a80000, 0x0000000100000000)
  eden space 2560K, 0% used [0x00000000d5580000,0x00000000d5580000,0x00000000d5800000)
  from space 1024K, 84% used [0x00000000d5980000,0x00000000d5a58000,0x00000000d5a80000)
  to   space 1024K, 0% used [0x00000000d5880000,0x00000000d5880000,0x00000000d5980000)
 ParOldGen       total 586752K, used 586548K [0x0000000080000000, 0x00000000a3d00000, 0x00000000d5580000)
  object space 586752K, 99% used [0x0000000080000000,0x00000000a3ccd040,0x00000000a3d00000)
 Metaspace       used 70104K, committed 71552K, reserved 1114112K
  class space    used 7528K, committed 8192K, reserved 1048576K
}
Event: 37.360 GC heap before
{Heap before GC invocations=642 (full 3):
 PSYoungGen      total 3584K, used 3422K [0x00000000d5580000, 0x00000000d5a80000, 0x0000000100000000)
  eden space 2560K, 99% used [0x00000000d5580000,0x00000000d57ffbb8,0x00000000d5800000)
  from space 1024K, 84% used [0x00000000d5980000,0x00000000d5a58000,0x00000000d5a80000)
  to   space 1024K, 0% used [0x00000000d5880000,0x00000000d5880000,0x00000000d5980000)
 ParOldGen       total 586752K, used 586548K [0x0000000080000000, 0x00000000a3d00000, 0x00000000d5580000)
  object space 586752K, 99% used [0x0000000080000000,0x00000000a3ccd040,0x00000000a3d00000)
 Metaspace       used 70104K, committed 71552K, reserved 1114112K
  class space    used 7528K, committed 8192K, reserved 1048576K
}
Event: 37.362 GC heap after
{Heap after GC invocations=642 (full 3):
 PSYoungGen      total 3584K, used 1010K [0x00000000d5580000, 0x00000000d5e00000, 0x0000000100000000)
  eden space 2560K, 0% used [0x00000000d5580000,0x00000000d5580000,0x00000000d5800000)
  from space 1024K, 98% used [0x00000000d5880000,0x00000000d597cac8,0x00000000d5980000)
  to   space 3072K, 0% used [0x00000000d5b00000,0x00000000d5b00000,0x00000000d5e00000)
 ParOldGen       total 588288K, used 587973K [0x0000000080000000, 0x00000000a3e80000, 0x00000000d5580000)
  object space 588288K, 99% used [0x0000000080000000,0x00000000a3e31518,0x00000000a3e80000)
 Metaspace       used 70104K, committed 71552K, reserved 1114112K
  class space    used 7528K, committed 8192K, reserved 1048576K
}
Event: 37.387 GC heap before
{Heap before GC invocations=643 (full 3):
 PSYoungGen      total 3584K, used 3570K [0x00000000d5580000, 0x00000000d5e00000, 0x0000000100000000)
  eden space 2560K, 100% used [0x00000000d5580000,0x00000000d5800000,0x00000000d5800000)
  from space 1024K, 98% used [0x00000000d5880000,0x00000000d597cac8,0x00000000d5980000)
  to   space 3072K, 0% used [0x00000000d5b00000,0x00000000d5b00000,0x00000000d5e00000)
 ParOldGen       total 588288K, used 587973K [0x0000000080000000, 0x00000000a3e80000, 0x00000000d5580000)
  object space 588288K, 99% used [0x0000000080000000,0x00000000a3e31518,0x00000000a3e80000)
 Metaspace       used 70104K, committed 71552K, reserved 1114112K
  class space    used 7528K, committed 8192K, reserved 1048576K
}
Event: 37.389 GC heap after
{Heap after GC invocations=643 (full 3):
 PSYoungGen      total 4096K, used 1174K [0x00000000d5580000, 0x00000000d5c80000, 0x0000000100000000)
  eden space 2560K, 0% used [0x00000000d5580000,0x00000000d5580000,0x00000000d5800000)
  from space 1536K, 76% used [0x00000000d5b00000,0x00000000d5c259a8,0x00000000d5c80000)
  to   space 2048K, 0% used [0x00000000d5880000,0x00000000d5880000,0x00000000d5a80000)
 ParOldGen       total 589312K, used 589031K [0x0000000080000000, 0x00000000a3f80000, 0x00000000d5580000)
  object space 589312K, 99% used [0x0000000080000000,0x00000000a3f39fe0,0x00000000a3f80000)
 Metaspace       used 70104K, committed 71552K, reserved 1114112K
  class space    used 7528K, committed 8192K, reserved 1048576K
}
Event: 37.407 GC heap before
{Heap before GC invocations=644 (full 3):
 PSYoungGen      total 4096K, used 3734K [0x00000000d5580000, 0x00000000d5c80000, 0x0000000100000000)
  eden space 2560K, 100% used [0x00000000d5580000,0x00000000d5800000,0x00000000d5800000)
  from space 1536K, 76% used [0x00000000d5b00000,0x00000000d5c259a8,0x00000000d5c80000)
  to   space 2048K, 0% used [0x00000000d5880000,0x00000000d5880000,0x00000000d5a80000)
 ParOldGen       total 589312K, used 589031K [0x0000000080000000, 0x00000000a3f80000, 0x00000000d5580000)
  object space 589312K, 99% used [0x0000000080000000,0x00000000a3f39fe0,0x00000000a3f80000)
 Metaspace       used 70104K, committed 71552K, reserved 1114112K
  class space    used 7528K, committed 8192K, reserved 1048576K
}
Event: 37.409 GC heap after
{Heap after GC invocations=644 (full 3):
 PSYoungGen      total 4096K, used 1106K [0x00000000d5580000, 0x00000000d5b80000, 0x0000000100000000)
  eden space 2560K, 0% used [0x00000000d5580000,0x00000000d5580000,0x00000000d5800000)
  from space 1536K, 72% used [0x00000000d5880000,0x00000000d5994808,0x00000000d5a00000)
  to   space 1536K, 0% used [0x00000000d5a00000,0x00000000d5a00000,0x00000000d5b80000)
 ParOldGen       total 590336K, used 590076K [0x0000000080000000, 0x00000000a4080000, 0x00000000d5580000)
  object space 590336K, 99% used [0x0000000080000000,0x00000000a403f398,0x00000000a4080000)
 Metaspace       used 70104K, committed 71552K, reserved 1114112K
  class space    used 7528K, committed 8192K, reserved 1048576K
}
Event: 37.459 GC heap before
{Heap before GC invocations=645 (full 3):
 PSYoungGen      total 4096K, used 3666K [0x00000000d5580000, 0x00000000d5b80000, 0x0000000100000000)
  eden space 2560K, 100% used [0x00000000d5580000,0x00000000d5800000,0x00000000d5800000)
  from space 1536K, 72% used [0x00000000d5880000,0x00000000d5994808,0x00000000d5a00000)
  to   space 1536K, 0% used [0x00000000d5a00000,0x00000000d5a00000,0x00000000d5b80000)
 ParOldGen       total 590336K, used 590076K [0x0000000080000000, 0x00000000a4080000, 0x00000000d5580000)
  object space 590336K, 99% used [0x0000000080000000,0x00000000a403f398,0x00000000a4080000)
 Metaspace       used 70274K, committed 71744K, reserved 1114112K
  class space    used 7543K, committed 8192K, reserved 1048576K
}
Event: 37.461 GC heap after
{Heap after GC invocations=645 (full 3):
 PSYoungGen      total 3584K, used 736K [0x00000000d5580000, 0x00000000d5b00000, 0x0000000100000000)
  eden space 2560K, 0% used [0x00000000d5580000,0x00000000d5580000,0x00000000d5800000)
  from space 1024K, 71% used [0x00000000d5a00000,0x00000000d5ab8000,0x00000000d5b00000)
  to   space 1024K, 0% used [0x00000000d5900000,0x00000000d5900000,0x00000000d5a00000)
 ParOldGen       total 590848K, used 590794K [0x0000000080000000, 0x00000000a4100000, 0x00000000d5580000)
  object space 590848K, 99% used [0x0000000080000000,0x00000000a40f2b68,0x00000000a4100000)
 Metaspace       used 70274K, committed 71744K, reserved 1114112K
  class space    used 7543K, committed 8192K, reserved 1048576K
}
Event: 37.469 GC heap before
{Heap before GC invocations=646 (full 3):
 PSYoungGen      total 3584K, used 3296K [0x00000000d5580000, 0x00000000d5b00000, 0x0000000100000000)
  eden space 2560K, 100% used [0x00000000d5580000,0x00000000d5800000,0x00000000d5800000)
  from space 1024K, 71% used [0x00000000d5a00000,0x00000000d5ab8000,0x00000000d5b00000)
  to   space 1024K, 0% used [0x00000000d5900000,0x00000000d5900000,0x00000000d5a00000)
 ParOldGen       total 590848K, used 590794K [0x0000000080000000, 0x00000000a4100000, 0x00000000d5580000)
  object space 590848K, 99% used [0x0000000080000000,0x00000000a40f2b68,0x00000000a4100000)
 Metaspace       used 70280K, committed 71744K, reserved 1114112K
  class space    used 7543K, committed 8192K, reserved 1048576K
}

Dll operation events (14 events):
Event: 0.006 Loaded shared library c:\Users\manan\.vscode\extensions\redhat.java-1.44.0-win32-x64\jre\21.0.8-win32-x86_64\bin\java.dll
Event: 0.078 Loaded shared library c:\Users\manan\.vscode\extensions\redhat.java-1.44.0-win32-x64\jre\21.0.8-win32-x86_64\bin\zip.dll
Event: 0.095 Loaded shared library C:\Users\manan\.vscode\extensions\redhat.java-1.44.0-win32-x64\jre\21.0.8-win32-x86_64\bin\instrument.dll
Event: 0.109 Loaded shared library C:\Users\manan\.vscode\extensions\redhat.java-1.44.0-win32-x64\jre\21.0.8-win32-x86_64\bin\net.dll
Event: 0.115 Loaded shared library C:\Users\manan\.vscode\extensions\redhat.java-1.44.0-win32-x64\jre\21.0.8-win32-x86_64\bin\nio.dll
Event: 0.117 Loaded shared library C:\Users\manan\.vscode\extensions\redhat.java-1.44.0-win32-x64\jre\21.0.8-win32-x86_64\bin\zip.dll
Event: 0.136 Loaded shared library C:\Users\manan\.vscode\extensions\redhat.java-1.44.0-win32-x64\jre\21.0.8-win32-x86_64\bin\jimage.dll
Event: 0.202 Loaded shared library c:\Users\manan\.vscode\extensions\redhat.java-1.44.0-win32-x64\jre\21.0.8-win32-x86_64\bin\verify.dll
Event: 7.417 Loaded shared library C:\Users\manan\AppData\Roaming\Code\User\globalStorage\redhat.java\1.44.0\config_win\org.eclipse.equinox.launcher\org.eclipse.equinox.launcher.win32.win32.x86_64_1.2.1400.v20250730-1736\eclipse_11913.dll
Event: 15.688 Loaded shared library C:\Users\manan\.vscode\extensions\redhat.java-1.44.0-win32-x64\jre\21.0.8-win32-x86_64\bin\management.dll
Event: 15.690 Loaded shared library C:\Users\manan\.vscode\extensions\redhat.java-1.44.0-win32-x64\jre\21.0.8-win32-x86_64\bin\management_ext.dll
Event: 16.616 Loaded shared library C:\Users\manan\AppData\Local\Temp\jna-103662343\jna16678595058647946093.dll
Event: 16.730 Loaded shared library C:\Users\manan\.vscode\extensions\redhat.java-1.44.0-win32-x64\jre\21.0.8-win32-x86_64\bin\sunmscapi.dll
Event: 17.026 Loaded shared library C:\Users\manan\.vscode\extensions\redhat.java-1.44.0-win32-x64\jre\21.0.8-win32-x86_64\bin\extnet.dll

Deoptimization events (20 events):
Event: 37.425 Thread 0x0000020d45b52830 Uncommon trap: trap_request=0xffffff45 fr.pc=0x0000020d71e31dc0 relative=0x0000000000001120
Event: 37.425 Thread 0x0000020d45b52830 Uncommon trap: reason=unstable_if action=reinterpret pc=0x0000020d71e31dc0 method=org.eclipse.jdt.internal.core.search.indexing.AbstractIndexer.addConstructorDeclaration([CI[C[[C[[CI[CI[[CI)V @ 56 c2
Event: 37.425 Thread 0x0000020d45b52830 DEOPT PACKING pc=0x0000020d71e31dc0 sp=0x0000006a6a7fea80
Event: 37.425 Thread 0x0000020d45b52830 DEOPT UNPACKING pc=0x0000020d71043aa2 sp=0x0000006a6a7fea60 mode 2
Event: 37.425 Thread 0x0000020d45b52830 Uncommon trap: trap_request=0xffffffde fr.pc=0x0000020d71e41b94 relative=0x0000000000001934
Event: 37.425 Thread 0x0000020d45b52830 Uncommon trap: reason=class_check action=maybe_recompile pc=0x0000020d71e41b94 method=org.eclipse.jdt.internal.core.search.indexing.AbstractIndexer.addConstructorReference([CI)V @ 9 c2
Event: 37.425 Thread 0x0000020d45b52830 DEOPT PACKING pc=0x0000020d71e41b94 sp=0x0000006a6a7fea90
Event: 37.425 Thread 0x0000020d45b52830 DEOPT UNPACKING pc=0x0000020d71043aa2 sp=0x0000006a6a7fea98 mode 2
Event: 37.425 Thread 0x0000020d45b52830 Uncommon trap: trap_request=0xffffff45 fr.pc=0x0000020d71d88448 relative=0x0000000000001708
Event: 37.425 Thread 0x0000020d45b52830 Uncommon trap: reason=unstable_if action=reinterpret pc=0x0000020d71d88448 method=org.eclipse.jdt.internal.core.search.matching.ConstructorPattern.createDeclarationIndexKey([CI[C[[C[[CI[CII)[C @ 51 c2
Event: 37.425 Thread 0x0000020d45b52830 DEOPT PACKING pc=0x0000020d71d88448 sp=0x0000006a6a7fe9c0
Event: 37.425 Thread 0x0000020d45b52830 DEOPT UNPACKING pc=0x0000020d71043aa2 sp=0x0000006a6a7fe958 mode 2
Event: 37.425 Thread 0x0000020d45b52830 Uncommon trap: trap_request=0xffffffde fr.pc=0x0000020d71e41b94 relative=0x0000000000001934
Event: 37.425 Thread 0x0000020d45b52830 Uncommon trap: reason=class_check action=maybe_recompile pc=0x0000020d71e41b94 method=org.eclipse.jdt.internal.core.search.indexing.AbstractIndexer.addConstructorReference([CI)V @ 9 c2
Event: 37.425 Thread 0x0000020d45b52830 DEOPT PACKING pc=0x0000020d71e41b94 sp=0x0000006a6a7fea90
Event: 37.425 Thread 0x0000020d45b52830 DEOPT UNPACKING pc=0x0000020d71043aa2 sp=0x0000006a6a7fea98 mode 2
Event: 37.427 Thread 0x0000020d45b52830 Uncommon trap: trap_request=0xffffff66 fr.pc=0x0000020d71e3de2c relative=0x000000000000094c
Event: 37.427 Thread 0x0000020d45b52830 Uncommon trap: reason=speculate_class_check action=maybe_recompile pc=0x0000020d71e3de2c method=org.eclipse.jdt.internal.core.search.indexing.AbstractIndexer.addFieldDeclaration([C[C)V @ 13 c2
Event: 37.427 Thread 0x0000020d45b52830 DEOPT PACKING pc=0x0000020d71e3de2c sp=0x0000006a6a7feb20
Event: 37.427 Thread 0x0000020d45b52830 DEOPT UNPACKING pc=0x0000020d71043aa2 sp=0x0000006a6a7feb18 mode 2

Classes loaded (20 events):
Event: 27.126 Loading class org/xml/sax/SAXNotRecognizedException
Event: 27.126 Loading class org/xml/sax/SAXNotRecognizedException done
Event: 27.126 Loading class org/xml/sax/SAXNotSupportedException
Event: 27.126 Loading class org/xml/sax/SAXNotSupportedException done
Event: 27.127 Loading class com/sun/org/apache/xerces/internal/util/URI
Event: 27.128 Loading class com/sun/org/apache/xerces/internal/util/URI done
Event: 27.129 Loading class com/sun/org/apache/xerces/internal/xni/XNIException
Event: 27.129 Loading class com/sun/org/apache/xerces/internal/xni/XNIException done
Event: 27.132 Loading class com/sun/org/apache/xerces/internal/xni/parser/XMLParseException
Event: 27.132 Loading class com/sun/org/apache/xerces/internal/xni/parser/XMLParseException done
Event: 27.605 Loading class sun/security/ssl/Alert
Event: 27.606 Loading class sun/security/ssl/Alert done
Event: 27.606 Loading class sun/security/ssl/Alert$AlertConsumer
Event: 27.607 Loading class sun/security/ssl/Alert$AlertConsumer done
Event: 27.607 Loading class sun/security/ssl/Alert$Level
Event: 27.607 Loading class sun/security/ssl/Alert$Level done
Event: 27.749 Loading class java/io/CharArrayWriter
Event: 27.749 Loading class java/io/CharArrayWriter done
Event: 27.757 Loading class java/nio/file/attribute/PosixFileAttributes
Event: 27.757 Loading class java/nio/file/attribute/PosixFileAttributes done

Classes unloaded (8 events):
Event: 16.075 Thread 0x0000020d7d9848d0 Unloading class 0x0000020d011b8800 'java/lang/invoke/LambdaForm$MH+0x0000020d011b8800'
Event: 16.075 Thread 0x0000020d7d9848d0 Unloading class 0x0000020d011b8400 'java/lang/invoke/LambdaForm$MH+0x0000020d011b8400'
Event: 16.075 Thread 0x0000020d7d9848d0 Unloading class 0x0000020d011b8000 'java/lang/invoke/LambdaForm$MH+0x0000020d011b8000'
Event: 16.075 Thread 0x0000020d7d9848d0 Unloading class 0x0000020d011b7c00 'java/lang/invoke/LambdaForm$MH+0x0000020d011b7c00'
Event: 16.075 Thread 0x0000020d7d9848d0 Unloading class 0x0000020d011b7800 'java/lang/invoke/LambdaForm$BMH+0x0000020d011b7800'
Event: 16.075 Thread 0x0000020d7d9848d0 Unloading class 0x0000020d011b7400 'java/lang/invoke/LambdaForm$DMH+0x0000020d011b7400'
Event: 16.075 Thread 0x0000020d7d9848d0 Unloading class 0x0000020d011b6000 'java/lang/invoke/LambdaForm$DMH+0x0000020d011b6000'
Event: 25.087 Thread 0x0000020d7d9848d0 Unloading class 0x0000020d01654c00 'java/lang/invoke/LambdaForm$DMH+0x0000020d01654c00'

Classes redefined (0 events):
No events

Internal exceptions (20 events):
Event: 35.835 Thread 0x0000020d45b52830 Exception <a 'sun/nio/fs/WindowsException'{0x00000000d56cbb10}> (0x00000000d56cbb10) 
thrown [s\src\hotspot\share\prims\jni.cpp, line 520]
Event: 35.917 Thread 0x0000020d45b52830 Exception <a 'sun/nio/fs/WindowsException'{0x00000000d5590578}> (0x00000000d5590578) 
thrown [s\src\hotspot\share\prims\jni.cpp, line 520]
Event: 35.939 Thread 0x0000020d45b52830 Exception <a 'sun/nio/fs/WindowsException'{0x00000000d55fdb90}> (0x00000000d55fdb90) 
thrown [s\src\hotspot\share\prims\jni.cpp, line 520]
Event: 35.977 Thread 0x0000020d45b52830 Exception <a 'sun/nio/fs/WindowsException'{0x00000000d575a1e8}> (0x00000000d575a1e8) 
thrown [s\src\hotspot\share\prims\jni.cpp, line 520]
Event: 36.000 Thread 0x0000020d45b52830 Exception <a 'sun/nio/fs/WindowsException'{0x00000000d558d938}> (0x00000000d558d938) 
thrown [s\src\hotspot\share\prims\jni.cpp, line 520]
Event: 36.113 Thread 0x0000020d45b52830 Exception <a 'sun/nio/fs/WindowsException'{0x00000000d5694d50}> (0x00000000d5694d50) 
thrown [s\src\hotspot\share\prims\jni.cpp, line 520]
Event: 36.178 Thread 0x0000020d45b52830 Exception <a 'sun/nio/fs/WindowsException'{0x00000000d5764570}> (0x00000000d5764570) 
thrown [s\src\hotspot\share\prims\jni.cpp, line 520]
Event: 36.239 Thread 0x0000020d45b52830 Exception <a 'sun/nio/fs/WindowsException'{0x00000000d56f1310}> (0x00000000d56f1310) 
thrown [s\src\hotspot\share\prims\jni.cpp, line 520]
Event: 36.374 Thread 0x0000020d45b52830 Exception <a 'sun/nio/fs/WindowsException'{0x00000000d5675d30}> (0x00000000d5675d30) 
thrown [s\src\hotspot\share\prims\jni.cpp, line 520]
Event: 36.411 Thread 0x0000020d45b52830 Exception <a 'sun/nio/fs/WindowsException'{0x00000000d5759b38}> (0x00000000d5759b38) 
thrown [s\src\hotspot\share\prims\jni.cpp, line 520]
Event: 36.447 Thread 0x0000020d45b52830 Exception <a 'sun/nio/fs/WindowsException'{0x00000000d569c848}> (0x00000000d569c848) 
thrown [s\src\hotspot\share\prims\jni.cpp, line 520]
Event: 36.469 Thread 0x0000020d45b52830 Exception <a 'sun/nio/fs/WindowsException'{0x00000000d56fd260}> (0x00000000d56fd260) 
thrown [s\src\hotspot\share\prims\jni.cpp, line 520]
Event: 36.490 Thread 0x0000020d45b52830 Exception <a 'sun/nio/fs/WindowsException'{0x00000000d55a8c70}> (0x00000000d55a8c70) 
thrown [s\src\hotspot\share\prims\jni.cpp, line 520]
Event: 36.510 Thread 0x0000020d45b52830 Exception <a 'sun/nio/fs/WindowsException'{0x00000000d56516c0}> (0x00000000d56516c0) 
thrown [s\src\hotspot\share\prims\jni.cpp, line 520]
Event: 36.783 Thread 0x0000020d45b52830 Exception <a 'sun/nio/fs/WindowsException'{0x00000000d565e6a8}> (0x00000000d565e6a8) 
thrown [s\src\hotspot\share\prims\jni.cpp, line 520]
Event: 36.815 Thread 0x0000020d45b52830 Exception <a 'sun/nio/fs/WindowsException'{0x00000000d55b8cc0}> (0x00000000d55b8cc0) 
thrown [s\src\hotspot\share\prims\jni.cpp, line 520]
Event: 36.955 Thread 0x0000020d45b52830 Exception <a 'sun/nio/fs/WindowsException'{0x00000000d57d91c0}> (0x00000000d57d91c0) 
thrown [s\src\hotspot\share\prims\jni.cpp, line 520]
Event: 36.994 Thread 0x0000020d45b52830 Exception <a 'sun/nio/fs/WindowsException'{0x00000000d55993b8}> (0x00000000d55993b8) 
thrown [s\src\hotspot\share\prims\jni.cpp, line 520]
Event: 37.422 Thread 0x0000020d45b52830 Implicit null exception at 0x0000020d71d5d562 to 0x0000020d71d5fcdc
Event: 37.425 Thread 0x0000020d45b52830 Implicit null exception at 0x0000020d71e30db0 to 0x0000020d71e31db0

ZGC Phase Switch (0 events):
No events

VM Operations (20 events):
Event: 37.260 Executing VM operation: ParallelGCFailedAllocation (Allocation Failure) done
Event: 37.285 Executing VM operation: ParallelGCFailedAllocation (Allocation Failure)
Event: 37.287 Executing VM operation: ParallelGCFailedAllocation (Allocation Failure) done
Event: 37.305 Executing VM operation: ParallelGCFailedAllocation (Allocation Failure)
Event: 37.307 Executing VM operation: ParallelGCFailedAllocation (Allocation Failure) done
Event: 37.330 Executing VM operation: ParallelGCFailedAllocation (Allocation Failure)
Event: 37.333 Executing VM operation: ParallelGCFailedAllocation (Allocation Failure) done
Event: 37.353 Executing VM operation: ParallelGCFailedAllocation (Allocation Failure)
Event: 37.355 Executing VM operation: ParallelGCFailedAllocation (Allocation Failure) done
Event: 37.360 Executing VM operation: ParallelGCFailedAllocation (Allocation Failure)
Event: 37.362 Executing VM operation: ParallelGCFailedAllocation (Allocation Failure) done
Event: 37.387 Executing VM operation: ParallelGCFailedAllocation (Allocation Failure)
Event: 37.389 Executing VM operation: ParallelGCFailedAllocation (Allocation Failure) done
Event: 37.407 Executing VM operation: ParallelGCFailedAllocation (Allocation Failure)
Event: 37.409 Executing VM operation: ParallelGCFailedAllocation (Allocation Failure) done
Event: 37.452 Executing VM operation: HandshakeAllThreads (Deoptimize)
Event: 37.452 Executing VM operation: HandshakeAllThreads (Deoptimize) done
Event: 37.459 Executing VM operation: ParallelGCFailedAllocation (Allocation Failure)
Event: 37.461 Executing VM operation: ParallelGCFailedAllocation (Allocation Failure) done
Event: 37.469 Executing VM operation: ParallelGCFailedAllocation (Allocation Failure)

Memory protections (0 events):
No events

Nmethod flushes (20 events):
Event: 25.097 Thread 0x0000020d7d9848d0 flushing  nmethod 0x0000020d6a2f8490
Event: 25.097 Thread 0x0000020d7d9848d0 flushing  nmethod 0x0000020d6a308590
Event: 25.097 Thread 0x0000020d7d9848d0 flushing  nmethod 0x0000020d6a30ab90
Event: 25.097 Thread 0x0000020d7d9848d0 flushing  nmethod 0x0000020d6a30b090
Event: 25.097 Thread 0x0000020d7d9848d0 flushing  nmethod 0x0000020d6a312610
Event: 25.097 Thread 0x0000020d7d9848d0 flushing  nmethod 0x0000020d6a371290
Event: 25.097 Thread 0x0000020d7d9848d0 flushing  nmethod 0x0000020d6a393d90
Event: 25.097 Thread 0x0000020d7d9848d0 flushing  nmethod 0x0000020d6a394710
Event: 25.097 Thread 0x0000020d7d9848d0 flushing  nmethod 0x0000020d6a395710
Event: 25.097 Thread 0x0000020d7d9848d0 flushing  nmethod 0x0000020d6a399190
Event: 25.097 Thread 0x0000020d7d9848d0 flushing  nmethod 0x0000020d6a3d1d10
Event: 25.097 Thread 0x0000020d7d9848d0 flushing  nmethod 0x0000020d6a3d3110
Event: 25.097 Thread 0x0000020d7d9848d0 flushing  nmethod 0x0000020d6a3d3710
Event: 25.097 Thread 0x0000020d7d9848d0 flushing  nmethod 0x0000020d6a3d7810
Event: 25.097 Thread 0x0000020d7d9848d0 flushing  nmethod 0x0000020d6a3d7f10
Event: 25.097 Thread 0x0000020d7d9848d0 flushing  nmethod 0x0000020d6a3daa90
Event: 25.097 Thread 0x0000020d7d9848d0 flushing  nmethod 0x0000020d6a3f3d10
Event: 25.097 Thread 0x0000020d7d9848d0 flushing  nmethod 0x0000020d6a400c10
Event: 25.097 Thread 0x0000020d7d9848d0 flushing  nmethod 0x0000020d6a41f610
Event: 25.097 Thread 0x0000020d7d9848d0 flushing  nmethod 0x0000020d6a449690

Events (20 events):
Event: 31.015 Thread 0x0000020d652bd8b0 Thread added: 0x0000020d4ac339a0
Event: 31.197 Thread 0x0000020d475b9b90 Thread exited: 0x0000020d475b9b90
Event: 31.197 Thread 0x0000020d4571b850 Thread exited: 0x0000020d4571b850
Event: 31.197 Thread 0x0000020d475ba220 Thread exited: 0x0000020d475ba220
Event: 31.197 Thread 0x0000020d4571bee0 Thread exited: 0x0000020d4571bee0
Event: 31.197 Thread 0x0000020d45719e10 Thread exited: 0x0000020d45719e10
Event: 31.197 Thread 0x0000020d475b5360 Thread exited: 0x0000020d475b5360
Event: 31.197 Thread 0x0000020d475b9500 Thread exited: 0x0000020d475b9500
Event: 31.197 Thread 0x0000020d475ba8b0 Thread exited: 0x0000020d475ba8b0
Event: 31.197 Thread 0x0000020d4571ab30 Thread exited: 0x0000020d4571ab30
Event: 31.197 Thread 0x0000020d475b8e70 Thread exited: 0x0000020d475b8e70
Event: 31.197 Thread 0x0000020d475b59f0 Thread exited: 0x0000020d475b59f0
Event: 31.197 Thread 0x0000020d4571b1c0 Thread exited: 0x0000020d4571b1c0
Event: 31.322 Thread 0x0000020d4ac339a0 Thread exited: 0x0000020d4ac339a0
Event: 31.322 Thread 0x0000020d4ac37020 Thread exited: 0x0000020d4ac37020
Event: 32.608 Thread 0x0000020d475b87e0 Thread exited: 0x0000020d475b87e0
Event: 36.513 Thread 0x0000020d652bd8b0 Thread added: 0x0000020d4ac37020
Event: 36.757 Thread 0x0000020d4ac37020 Thread exited: 0x0000020d4ac37020
Event: 37.004 Thread 0x0000020d652bd8b0 Thread added: 0x0000020d4ac34070
Event: 37.455 Thread 0x0000020d652bd8b0 Thread added: 0x0000020d4ac36280


Dynamic libraries:
0x00007ff7a85f0000 - 0x00007ff7a85fe000 	c:\Users\manan\.vscode\extensions\redhat.java-1.44.0-win32-x64\jre\21.0.8-win32-x86_64\bin\java.exe
0x00007ffc5edc0000 - 0x00007ffc5f027000 	C:\WINDOWS\SYSTEM32\ntdll.dll
0x00007ffc5dbe0000 - 0x00007ffc5dca9000 	C:\WINDOWS\System32\KERNEL32.DLL
0x00007ffc5c490000 - 0x00007ffc5c880000 	C:\WINDOWS\System32\KERNELBASE.dll
0x00007ffc5c1c0000 - 0x00007ffc5c30b000 	C:\WINDOWS\System32\ucrtbase.dll
0x00007ffc3afa0000 - 0x00007ffc3afbe000 	c:\Users\manan\.vscode\extensions\redhat.java-1.44.0-win32-x64\jre\21.0.8-win32-x86_64\bin\VCRUNTIME140.dll
0x00007ffc3afd0000 - 0x00007ffc3afe8000 	c:\Users\manan\.vscode\extensions\redhat.java-1.44.0-win32-x64\jre\21.0.8-win32-x86_64\bin\jli.dll
0x00007ffc5cb50000 - 0x00007ffc5cd15000 	C:\WINDOWS\System32\USER32.dll
0x00007ffc5c3b0000 - 0x00007ffc5c3d7000 	C:\WINDOWS\System32\win32u.dll
0x00007ffc3c620000 - 0x00007ffc3c8ba000 	C:\WINDOWS\WinSxS\amd64_microsoft.windows.common-controls_6595b64144ccf1df_6.0.26100.4768_none_3e0c112ce331287c\COMCTL32.dll
0x00007ffc5d270000 - 0x00007ffc5d29b000 	C:\WINDOWS\System32\GDI32.dll
0x00007ffc5c890000 - 0x00007ffc5c9c8000 	C:\WINDOWS\System32\gdi32full.dll
0x00007ffc5d310000 - 0x00007ffc5d3b9000 	C:\WINDOWS\System32\msvcrt.dll
0x00007ffc5c3e0000 - 0x00007ffc5c483000 	C:\WINDOWS\System32\msvcp_win.dll
0x00007ffc5e3d0000 - 0x00007ffc5e3ff000 	C:\WINDOWS\System32\IMM32.DLL
0x00007ffc46ad0000 - 0x00007ffc46adc000 	c:\Users\manan\.vscode\extensions\redhat.java-1.44.0-win32-x64\jre\21.0.8-win32-x86_64\bin\vcruntime140_1.dll
0x00007ffbfe800000 - 0x00007ffbfe88d000 	c:\Users\manan\.vscode\extensions\redhat.java-1.44.0-win32-x64\jre\21.0.8-win32-x86_64\bin\msvcp140.dll
0x00007ffb8ce80000 - 0x00007ffb8dc17000 	c:\Users\manan\.vscode\extensions\redhat.java-1.44.0-win32-x64\jre\21.0.8-win32-x86_64\bin\server\jvm.dll
0x00007ffc5e550000 - 0x00007ffc5e604000 	C:\WINDOWS\System32\ADVAPI32.dll
0x00007ffc5e410000 - 0x00007ffc5e4b6000 	C:\WINDOWS\System32\sechost.dll
0x00007ffc5cf40000 - 0x00007ffc5d058000 	C:\WINDOWS\System32\RPCRT4.dll
0x00007ffc5e160000 - 0x00007ffc5e1d4000 	C:\WINDOWS\System32\WS2_32.dll
0x00007ffc5bd50000 - 0x00007ffc5bdae000 	C:\WINDOWS\SYSTEM32\POWRPROF.dll
0x00007ffc49620000 - 0x00007ffc4962b000 	C:\WINDOWS\SYSTEM32\VERSION.dll
0x00007ffc4fb40000 - 0x00007ffc4fb75000 	C:\WINDOWS\SYSTEM32\WINMM.dll
0x00007ffc5bd30000 - 0x00007ffc5bd44000 	C:\WINDOWS\SYSTEM32\UMPDC.dll
0x00007ffc5abd0000 - 0x00007ffc5abeb000 	C:\WINDOWS\SYSTEM32\kernel.appcore.dll
0x00007ffc469a0000 - 0x00007ffc469aa000 	c:\Users\manan\.vscode\extensions\redhat.java-1.44.0-win32-x64\jre\21.0.8-win32-x86_64\bin\jimage.dll
0x00007ffc597d0000 - 0x00007ffc59a11000 	C:\WINDOWS\SYSTEM32\DBGHELP.DLL
0x00007ffc5dcb0000 - 0x00007ffc5e035000 	C:\WINDOWS\System32\combase.dll
0x00007ffc5e800000 - 0x00007ffc5e8e0000 	C:\WINDOWS\System32\OLEAUT32.dll
0x00007ffc386f0000 - 0x00007ffc38733000 	C:\WINDOWS\SYSTEM32\dbgcore.DLL
0x00007ffc5c310000 - 0x00007ffc5c3a9000 	C:\WINDOWS\System32\bcryptPrimitives.dll
0x00007ffc43050000 - 0x00007ffc4305f000 	c:\Users\manan\.vscode\extensions\redhat.java-1.44.0-win32-x64\jre\21.0.8-win32-x86_64\bin\instrument.dll
0x00007ffc345f0000 - 0x00007ffc3460f000 	c:\Users\manan\.vscode\extensions\redhat.java-1.44.0-win32-x64\jre\21.0.8-win32-x86_64\bin\java.dll
0x00007ffc5d3d0000 - 0x00007ffc5db1d000 	C:\WINDOWS\System32\SHELL32.dll
0x00007ffc5c9d0000 - 0x00007ffc5cb43000 	C:\WINDOWS\System32\wintypes.dll
0x00007ffc59aa0000 - 0x00007ffc5a300000 	C:\WINDOWS\SYSTEM32\windows.storage.dll
0x00007ffc5d060000 - 0x00007ffc5d155000 	C:\WINDOWS\System32\SHCORE.dll
0x00007ffc5d2a0000 - 0x00007ffc5d30a000 	C:\WINDOWS\System32\shlwapi.dll
0x00007ffc5be10000 - 0x00007ffc5be39000 	C:\WINDOWS\SYSTEM32\profapi.dll
0x00007ffc24840000 - 0x00007ffc24858000 	c:\Users\manan\.vscode\extensions\redhat.java-1.44.0-win32-x64\jre\21.0.8-win32-x86_64\bin\zip.dll
0x00007ffc42380000 - 0x00007ffc42390000 	C:\Users\manan\.vscode\extensions\redhat.java-1.44.0-win32-x64\jre\21.0.8-win32-x86_64\bin\net.dll
0x00007ffc4f900000 - 0x00007ffc4fa1e000 	C:\WINDOWS\SYSTEM32\WINHTTP.dll
0x00007ffc5b200000 - 0x00007ffc5b26b000 	C:\WINDOWS\system32\mswsock.dll
0x00007ffc234c0000 - 0x00007ffc234d6000 	C:\Users\manan\.vscode\extensions\redhat.java-1.44.0-win32-x64\jre\21.0.8-win32-x86_64\bin\nio.dll
0x00007ffc3d5d0000 - 0x00007ffc3d5e0000 	c:\Users\manan\.vscode\extensions\redhat.java-1.44.0-win32-x64\jre\21.0.8-win32-x86_64\bin\verify.dll
0x00007ffc01610000 - 0x00007ffc01655000 	C:\Users\manan\AppData\Roaming\Code\User\globalStorage\redhat.java\1.44.0\config_win\org.eclipse.equinox.launcher\org.eclipse.equinox.launcher.win32.win32.x86_64_1.2.1400.v20250730-1736\eclipse_11913.dll
0x00007ffc5cd90000 - 0x00007ffc5cf30000 	C:\WINDOWS\System32\ole32.dll
0x00007ffc3b3e0000 - 0x00007ffc3b3ea000 	C:\Users\manan\.vscode\extensions\redhat.java-1.44.0-win32-x64\jre\21.0.8-win32-x86_64\bin\management.dll
0x00007ffc3b390000 - 0x00007ffc3b39b000 	C:\Users\manan\.vscode\extensions\redhat.java-1.44.0-win32-x64\jre\21.0.8-win32-x86_64\bin\management_ext.dll
0x00007ffc5e040000 - 0x00007ffc5e048000 	C:\WINDOWS\System32\PSAPI.DLL
0x00007ffc5b4d0000 - 0x00007ffc5b4eb000 	C:\WINDOWS\SYSTEM32\CRYPTSP.dll
0x00007ffc5abf0000 - 0x00007ffc5ac2b000 	C:\WINDOWS\system32\rsaenh.dll
0x00007ffc5b2a0000 - 0x00007ffc5b2cb000 	C:\WINDOWS\SYSTEM32\USERENV.dll
0x00007ffc5bde0000 - 0x00007ffc5be06000 	C:\WINDOWS\SYSTEM32\bcrypt.dll
0x00007ffc5b4c0000 - 0x00007ffc5b4cc000 	C:\WINDOWS\SYSTEM32\CRYPTBASE.dll
0x00007ffc5a680000 - 0x00007ffc5a6b3000 	C:\WINDOWS\SYSTEM32\IPHLPAPI.DLL
0x00007ffc5e050000 - 0x00007ffc5e05a000 	C:\WINDOWS\System32\NSI.dll
0x00007ffc00ce0000 - 0x00007ffc00d29000 	C:\Users\manan\AppData\Local\Temp\jna-103662343\jna16678595058647946093.dll
0x00007ffc52a70000 - 0x00007ffc52a8f000 	C:\WINDOWS\SYSTEM32\dhcpcsvc6.DLL
0x00007ffc52750000 - 0x00007ffc52775000 	C:\WINDOWS\SYSTEM32\dhcpcsvc.DLL
0x00007ffc3b380000 - 0x00007ffc3b38e000 	C:\Users\manan\.vscode\extensions\redhat.java-1.44.0-win32-x64\jre\21.0.8-win32-x86_64\bin\sunmscapi.dll
0x00007ffc5bfb0000 - 0x00007ffc5c127000 	C:\WINDOWS\System32\CRYPT32.dll
0x00007ffc5b6e0000 - 0x00007ffc5b710000 	C:\WINDOWS\SYSTEM32\ncrypt.dll
0x00007ffc5b690000 - 0x00007ffc5b6cf000 	C:\WINDOWS\SYSTEM32\NTASN1.dll
0x00007ffc5a720000 - 0x00007ffc5a846000 	C:\WINDOWS\SYSTEM32\DNSAPI.dll
0x00007ffc4f560000 - 0x00007ffc4f56b000 	C:\Windows\System32\rasadhlp.dll
0x00007ffc53350000 - 0x00007ffc533d6000 	C:\WINDOWS\System32\fwpuclnt.dll
0x00007ffc3b320000 - 0x00007ffc3b329000 	C:\Users\manan\.vscode\extensions\redhat.java-1.44.0-win32-x64\jre\21.0.8-win32-x86_64\bin\extnet.dll
0x00007ffc5ada0000 - 0x00007ffc5add6000 	C:\WINDOWS\SYSTEM32\ntmarta.dll

JVMTI agents:
c:\Users\manan\.vscode\extensions\redhat.java-1.44.0-win32-x64\lombok\lombok-1.18.39-4050.jar path:c:\Users\manan\.vscode\extensions\redhat.java-1.44.0-win32-x64\jre\21.0.8-win32-x86_64\bin\instrument.dll, loaded, initialized, instrumentlib options:none

dbghelp: loaded successfully - version: 4.0.5 - missing functions: none
symbol engine: initialized successfully - sym options: 0x614 - pdb path: .;c:\Users\manan\.vscode\extensions\redhat.java-1.44.0-win32-x64\jre\21.0.8-win32-x86_64\bin;C:\WINDOWS\SYSTEM32;C:\WINDOWS\WinSxS\amd64_microsoft.windows.common-controls_6595b64144ccf1df_6.0.26100.4768_none_3e0c112ce331287c;c:\Users\manan\.vscode\extensions\redhat.java-1.44.0-win32-x64\jre\21.0.8-win32-x86_64\bin\server;C:\Users\manan\AppData\Roaming\Code\User\globalStorage\redhat.java\1.44.0\config_win\org.eclipse.equinox.launcher\org.eclipse.equinox.launcher.win32.win32.x86_64_1.2.1400.v20250730-1736;C:\Users\manan\AppData\Local\Temp\jna-103662343

VM Arguments:
jvm_args: --add-modules=ALL-SYSTEM --add-opens=java.base/java.util=ALL-UNNAMED --add-opens=java.base/java.lang=ALL-UNNAMED --add-opens=java.base/sun.nio.fs=ALL-UNNAMED -Declipse.application=org.eclipse.jdt.ls.core.id1 -Dosgi.bundles.defaultStartLevel=4 -Declipse.product=org.eclipse.jdt.ls.core.product -Djava.import.generatesMetadataFilesAtProjectRoot=false -DDetectVMInstallationsJob.disabled=true -Dfile.encoding=utf8 -XX:+UseParallelGC -XX:GCTimeRatio=4 -XX:AdaptiveSizePolicyWeight=90 -Dsun.zip.disableMemoryMapping=true -Xmx2G -Xms100m -Xlog:disable -javaagent:c:\Users\manan\.vscode\extensions\redhat.java-1.44.0-win32-x64\lombok\lombok-1.18.39-4050.jar -XX:+HeapDumpOnOutOfMemoryError -XX:HeapDumpPath=c:\Users\manan\AppData\Roaming\Code\User\workspaceStorage\446918f447d380bc4bd8d35023d68a69\redhat.java -Daether.dependencyCollector.impl=bf 
java_command: c:\Users\manan\.vscode\extensions\redhat.java-1.44.0-win32-x64\server\plugins\org.eclipse.equinox.launcher_1.7.0.v20250519-0528.jar -configuration c:\Users\manan\AppData\Roaming\Code\User\globalStorage\redhat.java\1.44.0\config_win -data c:\Users\manan\AppData\Roaming\Code\User\workspaceStorage\446918f447d380bc4bd8d35023d68a69\redhat.java\jdt_ws --pipe=\\.\pipe\lsp-924042bca1bffcf6e8bd4fe0fd8d21eb-sock
java_class_path (initial): c:\Users\manan\.vscode\extensions\redhat.java-1.44.0-win32-x64\server\plugins\org.eclipse.equinox.launcher_1.7.0.v20250519-0528.jar
Launcher Type: SUN_STANDARD

[Global flags]
    uintx AdaptiveSizePolicyWeight                 = 90                                        {product} {command line}
     intx CICompilerCount                          = 4                                         {product} {ergonomic}
    uintx GCTimeRatio                              = 4                                         {product} {command line}
     bool HeapDumpOnOutOfMemoryError               = true                                   {manageable} {command line}
    ccstr HeapDumpPath                             = c:\Users\manan\AppData\Roaming\Code\User\workspaceStorage\446918f447d380bc4bd8d35023d68a69\redhat.java         {manageable} {command line}
   size_t InitialHeapSize                          = 104857600                                 {product} {command line}
   size_t MaxHeapSize                              = 2147483648                                {product} {command line}
   size_t MaxNewSize                               = 715653120                                 {product} {ergonomic}
   size_t MinHeapDeltaBytes                        = 524288                                    {product} {ergonomic}
   size_t MinHeapSize                              = 104857600                                 {product} {command line}
   size_t NewSize                                  = 34603008                                  {product} {ergonomic}
    uintx NonNMethodCodeHeapSize                   = 5839372                                {pd product} {ergonomic}
    uintx NonProfiledCodeHeapSize                  = 122909434                              {pd product} {ergonomic}
   size_t OldSize                                  = 70254592                                  {product} {ergonomic}
    uintx ProfiledCodeHeapSize                     = 122909434                              {pd product} {ergonomic}
    uintx ReservedCodeCacheSize                    = 251658240                              {pd product} {ergonomic}
     bool SegmentedCodeCache                       = true                                      {product} {ergonomic}
   size_t SoftMaxHeapSize                          = 2147483648                             {manageable} {ergonomic}
     bool UseCompressedOops                        = true                           {product lp64_product} {ergonomic}
     bool UseLargePagesIndividualAllocation        = false                                  {pd product} {ergonomic}
     bool UseParallelGC                            = true                                      {product} {command line}

Logging:
Log output configuration:
 #0: stdout all=off uptime,level,tags foldmultilines=false
 #1: stderr all=off uptime,level,tags foldmultilines=false

Environment Variables:
JAVA_HOME=C:\Program Files\Eclipse Adoptium\jdk-17.0.14.7-hotspot\
PATH=C:\Program Files\Eclipse Adoptium\jdk-17.0.14.7-hotspot\bin;C:\Program Files\Python313\Scripts\;C:\Program Files\Python313\;C:\WINDOWS\system32;C:\WINDOWS;C:\WINDOWS\System32\Wbem;C:\WINDOWS\System32\WindowsPowerShell\v1.0\;C:\WINDOWS\System32\OpenSSH\;C:\MinGW\bin;C:\Program Files\MySQL\MySQL Server 8.0\bin;C:\Program Files\nodejs\;D:\GIT\Git\cmd;C:\Program Files\Git LFS;C:\Program Files (x86)\Microsoft SQL Server\160\Tools\Binn\;C:\Program Files\Microsoft SQL Server\160\Tools\Binn\;C:\Program Files\Microsoft SQL Server\Client SDK\ODBC\170\Tools\Binn\;C:\Program Files\Microsoft SQL Server\160\DTS\Binn\;C:\Users\manan\anaconda3;C:\Users\manan\anaconda3\Library\mingw-w64\bin;C:\Users\manan\anaconda3\Library\usr\bin;C:\Users\manan\anaconda3\Library\bin;C:\Users\manan\anaconda3\Scripts;C:\Users\manan\AppData\Local\Programs\Python\Python311\Scripts\;C:\Users\manan\AppData\Local\Programs\Python\Python311\;C:\Program Files\MySQL\MySQL Shell 8.0\bin\;C:\MinGW\bin;C:\Users\manan\AppData\Local\Microsoft\WindowsApps;C:\msys64\ucrt64\bin;C:\Users\manan\AppData\Local\Programs\Microsoft VS Code\bin;C:\GnuWin32\bin;C:\Users\manan\AppData\Roaming\npm;C:\Program Files\nodejs;C:\Users\manan\AppData\Local\GitHubDesktop\bin;C:\Users\manan\AppData\Local\Programs\cursor\resources\app\bin
USERNAME=manan
OS=Windows_NT
PROCESSOR_IDENTIFIER=Intel64 Family 6 Model 154 Stepping 4, GenuineIntel
TMP=C:\Users\manan\AppData\Local\Temp
TEMP=C:\Users\manan\AppData\Local\Temp




Periodic native trim disabled

---------------  S Y S T E M  ---------------

OS:
 Windows 11 , 64 bit Build 26100 (10.0.26100.4768)
OS uptime: 7 days 16:53 hours
Hyper-V role detected

CPU: total 12 (initial active 12) (6 cores per cpu, 2 threads per core) family 6 model 154 stepping 4 microcode 0x42c, cx8, cmov, fxsr, ht, mmx, 3dnowpref, sse, sse2, sse3, ssse3, sse4.1, sse4.2, popcnt, lzcnt, tsc, tscinvbit, avx, avx2, aes, erms, clmul, bmi1, bmi2, adx, sha, fma, vzeroupper, clflush, clflushopt, clwb, hv, serialize, rdtscp, rdpid, fsrm, f16c, cet_ibt, cet_ss
Processor Information for processor 0
  Max Mhz: 1300, Current Mhz: 1300, Mhz Limit: 1300
Processor Information for processor 1
  Max Mhz: 1300, Current Mhz: 1300, Mhz Limit: 1300
Processor Information for processor 2
  Max Mhz: 1300, Current Mhz: 1300, Mhz Limit: 1300
Processor Information for processor 3
  Max Mhz: 1300, Current Mhz: 1300, Mhz Limit: 1300
Processor Information for processor 4
  Max Mhz: 1300, Current Mhz: 900, Mhz Limit: 897
Processor Information for processor 5
  Max Mhz: 1300, Current Mhz: 900, Mhz Limit: 897
Processor Information for processor 6
  Max Mhz: 1300, Current Mhz: 900, Mhz Limit: 897
Processor Information for processor 7
  Max Mhz: 1300, Current Mhz: 900, Mhz Limit: 897
Processor Information for processor 8
  Max Mhz: 1300, Current Mhz: 900, Mhz Limit: 897
Processor Information for processor 9
  Max Mhz: 1300, Current Mhz: 900, Mhz Limit: 897
Processor Information for processor 10
  Max Mhz: 1300, Current Mhz: 900, Mhz Limit: 897
Processor Information for processor 11
  Max Mhz: 1300, Current Mhz: 900, Mhz Limit: 897

Memory: 4k page, system-wide physical 16052M (1098M free)
TotalPageFile size 24418M (AvailPageFile size 7M)
current process WorkingSet (physical memory assigned to process): 944M, peak: 945M
current process commit charge ("private bytes"): 902M, peak: 904M

vm_info: OpenJDK 64-Bit Server VM (21.0.8+9-LTS) for windows-amd64 JRE (21.0.8+9-LTS), built on 2025-07-15T00:00:00Z by "admin" with MS VC++ 17.7 (VS2022)

END.
