#
# There is insufficient memory for the Java Runtime Environment to continue.
# Native memory allocation (malloc) failed to allocate 1260352 bytes. Error detail: Chunk::new
# Possible reasons:
#   The system is out of physical RAM or swap space
#   This process is running with CompressedOops enabled, and the Java Heap may be blocking the growth of the native heap
# Possible solutions:
#   Reduce memory load on the system
#   Increase physical memory or swap space
#   Check if swap backing store is full
#   Decrease Java heap size (-Xmx/-Xms)
#   Decrease number of Java threads
#   Decrease Java thread stack sizes (-Xss)
#   Set larger code cache with -XX:ReservedCodeCacheSize=
#   JVM is running with Unscaled Compressed Oops mode in which the Java heap is
#     placed in the first 4GB address space. The Java Heap base address is the
#     maximum limit for the native heap growth. Please use -XX:HeapBaseMinAddress
#     to set the Java Heap base and to place the Java Heap above 4GB virtual address.
# This output file may be truncated or incomplete.
#
#  Out of Memory Error (arena.cpp:168), pid=26696, tid=29652
#
# JRE version: OpenJDK Runtime Environment Temurin-21.0.8+9 (21.0.8+9) (build 21.0.8+9-LTS)
# Java VM: OpenJDK 64-Bit Server VM Temurin-21.0.8+9 (21.0.8+9-LTS, mixed mode, sharing, tiered, compressed oops, compressed class ptrs, parallel gc, windows-amd64)
# No core dump will be written. Minidumps are not enabled by default on client versions of Windows
#

---------------  S U M M A R Y ------------

Command Line: --add-modules=ALL-SYSTEM --add-opens=java.base/java.util=ALL-UNNAMED --add-opens=java.base/java.lang=ALL-UNNAMED --add-opens=java.base/sun.nio.fs=ALL-UNNAMED -Declipse.application=org.eclipse.jdt.ls.core.id1 -Dosgi.bundles.defaultStartLevel=4 -Declipse.product=org.eclipse.jdt.ls.core.product -Djava.import.generatesMetadataFilesAtProjectRoot=false -DDetectVMInstallationsJob.disabled=true -Dfile.encoding=utf8 -XX:+UseParallelGC -XX:GCTimeRatio=4 -XX:AdaptiveSizePolicyWeight=90 -Dsun.zip.disableMemoryMapping=true -Xmx2G -Xms100m -Xlog:disable -javaagent:c:\Users\manan\.vscode\extensions\redhat.java-1.44.0-win32-x64\lombok\lombok-1.18.39-4050.jar -XX:+HeapDumpOnOutOfMemoryError -XX:HeapDumpPath=c:\Users\manan\AppData\Roaming\Code\User\workspaceStorage\446918f447d380bc4bd8d35023d68a69\redhat.java -Daether.dependencyCollector.impl=bf c:\Users\manan\.vscode\extensions\redhat.java-1.44.0-win32-x64\server\plugins\org.eclipse.equinox.launcher_1.7.0.v20250519-0528.jar -configuration c:\Users\manan\AppData\Roaming\Code\User\globalStorage\redhat.java\1.44.0\config_win -data c:\Users\manan\AppData\Roaming\Code\User\workspaceStorage\446918f447d380bc4bd8d35023d68a69\redhat.java\jdt_ws --pipe=\\.\pipe\lsp-b783dd49341b348302ad77c4f5a4a18e-sock

Host: 12th Gen Intel(R) Core(TM) i5-1235U, 12 cores, 15G,  Windows 11 , 64 bit Build 26100 (10.0.26100.4768)
Time: Fri Aug 29 11:09:23 2025 India Standard Time elapsed time: 22.179123 seconds (0d 0h 0m 22s)

---------------  T H R E A D  ---------------

Current thread (0x000002328f5b5d20):  JavaThread "C2 CompilerThread2" daemon [_thread_in_native, id=29652, stack(0x000000c4cc300000,0x000000c4cc400000) (1024K)]


Current CompileTask:
C2:22179 11377       4       org.eclipse.jdt.internal.compiler.parser.Parser::consumeRule (7748 bytes)

Stack: [0x000000c4cc300000,0x000000c4cc400000]
Native frames: (J=compiled Java code, j=interpreted, Vv=VM code, C=native code)
V  [jvm.dll+0x6d2449]
V  [jvm.dll+0x8ae341]
V  [jvm.dll+0x8b08be]
V  [jvm.dll+0x8b0fa3]
V  [jvm.dll+0x280c96]
V  [jvm.dll+0xc581d]
V  [jvm.dll+0xc5d53]
V  [jvm.dll+0x3b919c]
V  [jvm.dll+0x385315]
V  [jvm.dll+0x38477a]
V  [jvm.dll+0x248ed0]
V  [jvm.dll+0x2484af]
V  [jvm.dll+0x1c89ee]
V  [jvm.dll+0x257d4d]
V  [jvm.dll+0x2562ea]
V  [jvm.dll+0x3f2d16]
V  [jvm.dll+0x857e6b]
V  [jvm.dll+0x6d0b0d]
C  [ucrtbase.dll+0x37b0]
C  [KERNEL32.DLL+0x2e8d7]
C  [ntdll.dll+0x3c34c]


---------------  P R O C E S S  ---------------

Threads class SMR info:
_java_thread_list=0x000002328fbc18a0, length=76, elements={
0x000002322ed9aab0, 0x000002322ed4e8e0, 0x0000023288680930, 0x0000023288684e90,
0x0000023288687040, 0x0000023288687ef0, 0x000002328868aea0, 0x0000023288698c40,
0x00000232886ae930, 0x00000232887a6000, 0x00000232887a8df0, 0x00000232887a9480,
0x00000232887a6690, 0x00000232887a7a40, 0x00000232887a80d0, 0x00000232887a73b0,
0x00000232887a8760, 0x000002328e4ef3a0, 0x000002328e4eed10, 0x000002328e4ee680,
0x000002328e4efa30, 0x000002328e4ec5b0, 0x000002328e4f3540, 0x000002328e4f1b00,
0x000002328e4f1470, 0x000002328e4f2190, 0x000002328e4f2820, 0x000002328e4f2eb0,
0x000002328e4f00c0, 0x000002328e4f3bd0, 0x000002328e4f0de0, 0x000002328e4f0750,
0x000002328fddf460, 0x000002328fde1bc0, 0x000002328fde2250, 0x000002328fde2f70,
0x000002328fde28e0, 0x000002328fde0180, 0x000002328fde0ea0, 0x000002328fddfaf0,
0x000002328fde3600, 0x000002328fde3c90, 0x000002328fde0810, 0x000002328fde4320,
0x000002328fde56d0, 0x000002328fde5d60, 0x000002328fde6a80, 0x000002328e75a070,
0x000002328e75bab0, 0x000002328e75ad90, 0x000002328e75d4f0, 0x000002328e75ce60,
0x000002328e75db80, 0x000002328e75c140, 0x000002328e75a700, 0x000002328e75c7d0,
0x000002328e75e210, 0x000002328e75e8a0, 0x000002328e75b420, 0x000002328e7602e0,
0x000002328e75f5c0, 0x000002328e761000, 0x000002328e760970, 0x000002328e75ef30,
0x000002328e75fc50, 0x000002328e761690, 0x00000232997ef610, 0x00000232997efca0,
0x00000232997f0330, 0x00000232997f16e0, 0x00000232997f2400, 0x00000232997f1050,
0x00000232997f2a90, 0x00000232997f1d70, 0x000002328d38b760, 0x000002328f5b5d20
}

Java Threads: ( => current thread )
  0x000002322ed9aab0 JavaThread "main"                              [_thread_blocked, id=27504, stack(0x000000c4cb400000,0x000000c4cb500000) (1024K)]
  0x000002322ed4e8e0 JavaThread "Reference Handler"          daemon [_thread_blocked, id=756, stack(0x000000c4cb800000,0x000000c4cb900000) (1024K)]
  0x0000023288680930 JavaThread "Finalizer"                  daemon [_thread_blocked, id=25884, stack(0x000000c4cb900000,0x000000c4cba00000) (1024K)]
  0x0000023288684e90 JavaThread "Signal Dispatcher"          daemon [_thread_blocked, id=14752, stack(0x000000c4cba00000,0x000000c4cbb00000) (1024K)]
  0x0000023288687040 JavaThread "Attach Listener"            daemon [_thread_blocked, id=26408, stack(0x000000c4cbb00000,0x000000c4cbc00000) (1024K)]
  0x0000023288687ef0 JavaThread "Service Thread"             daemon [_thread_blocked, id=10944, stack(0x000000c4cbc00000,0x000000c4cbd00000) (1024K)]
  0x000002328868aea0 JavaThread "Monitor Deflation Thread"   daemon [_thread_blocked, id=28112, stack(0x000000c4cbd00000,0x000000c4cbe00000) (1024K)]
  0x0000023288698c40 JavaThread "C2 CompilerThread0"         daemon [_thread_in_native, id=8284, stack(0x000000c4cbe00000,0x000000c4cbf00000) (1024K)]
  0x00000232886ae930 JavaThread "C1 CompilerThread0"         daemon [_thread_blocked, id=25396, stack(0x000000c4cbf00000,0x000000c4cc000000) (1024K)]
  0x00000232887a6000 JavaThread "Common-Cleaner"             daemon [_thread_blocked, id=21168, stack(0x000000c4cc000000,0x000000c4cc100000) (1024K)]
  0x00000232887a8df0 JavaThread "Notification Thread"        daemon [_thread_blocked, id=21928, stack(0x000000c4cc200000,0x000000c4cc300000) (1024K)]
  0x00000232887a9480 JavaThread "Active Thread: Equinox Container: 6fe7d02e-0614-473e-bb64-8d13af0cbc44"        [_thread_blocked, id=30520, stack(0x000000c4cca00000,0x000000c4ccb00000) (1024K)]
  0x00000232887a6690 JavaThread "Refresh Thread: Equinox Container: 6fe7d02e-0614-473e-bb64-8d13af0cbc44" daemon [_thread_blocked, id=15588, stack(0x000000c4ccb00000,0x000000c4ccc00000) (1024K)]
  0x00000232887a7a40 JavaThread "Framework Event Dispatcher: Equinox Container: 6fe7d02e-0614-473e-bb64-8d13af0cbc44" daemon [_thread_blocked, id=27608, stack(0x000000c4ccd00000,0x000000c4cce00000) (1024K)]
  0x00000232887a80d0 JavaThread "Start Level: Equinox Container: 6fe7d02e-0614-473e-bb64-8d13af0cbc44" daemon [_thread_blocked, id=14292, stack(0x000000c4cce00000,0x000000c4ccf00000) (1024K)]
  0x00000232887a73b0 JavaThread "Bundle File Closer"         daemon [_thread_blocked, id=28340, stack(0x000000c4cd100000,0x000000c4cd200000) (1024K)]
  0x00000232887a8760 JavaThread "SCR Component Actor"        daemon [_thread_blocked, id=17328, stack(0x000000c4cd200000,0x000000c4cd300000) (1024K)]
  0x000002328e4ef3a0 JavaThread "Worker-JM"                         [_thread_blocked, id=23580, stack(0x000000c4cd400000,0x000000c4cd500000) (1024K)]
  0x000002328e4eed10 JavaThread "JNA Cleaner"                daemon [_thread_blocked, id=22484, stack(0x000000c4cd500000,0x000000c4cd600000) (1024K)]
  0x000002328e4ee680 JavaThread "Worker-0"                          [_thread_blocked, id=30556, stack(0x000000c4cd600000,0x000000c4cd700000) (1024K)]
  0x000002328e4efa30 JavaThread "Worker-1: Java indexing... "        [_thread_blocked, id=18948, stack(0x000000c4cd700000,0x000000c4cd800000) (1024K)]
  0x000002328e4ec5b0 JavaThread "Worker-2: Check JDK Index"         [_thread_blocked, id=27816, stack(0x000000c4cd800000,0x000000c4cd900000) (1024K)]
  0x000002328e4f3540 JavaThread "Java indexing"              daemon [_thread_in_Java, id=29432, stack(0x000000c4cd900000,0x000000c4cda00000) (1024K)]
  0x000002328e4f1b00 JavaThread "Worker-3"                          [_thread_blocked, id=2148, stack(0x000000c4cda00000,0x000000c4cdb00000) (1024K)]
  0x000002328e4f1470 JavaThread "Worker-4"                          [_thread_blocked, id=13076, stack(0x000000c4cdd00000,0x000000c4cde00000) (1024K)]
  0x000002328e4f2190 JavaThread "Worker-5"                          [_thread_blocked, id=5792, stack(0x000000c4cde00000,0x000000c4cdf00000) (1024K)]
  0x000002328e4f2820 JavaThread "Thread-2"                   daemon [_thread_in_native, id=9836, stack(0x000000c4cdf00000,0x000000c4ce000000) (1024K)]
  0x000002328e4f2eb0 JavaThread "Thread-3"                   daemon [_thread_in_native, id=19776, stack(0x000000c4ce000000,0x000000c4ce100000) (1024K)]
  0x000002328e4f00c0 JavaThread "Thread-4"                   daemon [_thread_in_native, id=27472, stack(0x000000c4ce100000,0x000000c4ce200000) (1024K)]
  0x000002328e4f3bd0 JavaThread "Thread-5"                   daemon [_thread_in_native, id=26492, stack(0x000000c4ce200000,0x000000c4ce300000) (1024K)]
  0x000002328e4f0de0 JavaThread "Thread-6"                   daemon [_thread_in_native, id=15480, stack(0x000000c4ce300000,0x000000c4ce400000) (1024K)]
  0x000002328e4f0750 JavaThread "Thread-7"                   daemon [_thread_in_native, id=28988, stack(0x000000c4ce400000,0x000000c4ce500000) (1024K)]
  0x000002328fddf460 JavaThread "Thread-8"                   daemon [_thread_in_native, id=8408, stack(0x000000c4ce500000,0x000000c4ce600000) (1024K)]
  0x000002328fde1bc0 JavaThread "Thread-9"                   daemon [_thread_in_native, id=8812, stack(0x000000c4ce600000,0x000000c4ce700000) (1024K)]
  0x000002328fde2250 JavaThread "Thread-10"                  daemon [_thread_in_native, id=6876, stack(0x000000c4ce700000,0x000000c4ce800000) (1024K)]
  0x000002328fde2f70 JavaThread "Thread-11"                  daemon [_thread_in_native, id=16752, stack(0x000000c4ce800000,0x000000c4ce900000) (1024K)]
  0x000002328fde28e0 JavaThread "Thread-12"                  daemon [_thread_in_native, id=27684, stack(0x000000c4ce900000,0x000000c4cea00000) (1024K)]
  0x000002328fde0180 JavaThread "Thread-13"                  daemon [_thread_in_native, id=14584, stack(0x000000c4cea00000,0x000000c4ceb00000) (1024K)]
  0x000002328fde0ea0 JavaThread "Thread-14"                  daemon [_thread_in_native, id=13112, stack(0x000000c4ceb00000,0x000000c4cec00000) (1024K)]
  0x000002328fddfaf0 JavaThread "pool-2-thread-1"                   [_thread_blocked, id=2620, stack(0x000000c4cec00000,0x000000c4ced00000) (1024K)]
  0x000002328fde3600 JavaThread "WorkspaceEventsHandler"            [_thread_blocked, id=21104, stack(0x000000c4ced00000,0x000000c4cee00000) (1024K)]
  0x000002328fde3c90 JavaThread "pool-1-thread-1"                   [_thread_blocked, id=21980, stack(0x000000c4cee00000,0x000000c4cef00000) (1024K)]
  0x000002328fde0810 JavaThread "Worker-6"                          [_thread_blocked, id=23356, stack(0x000000c4cef00000,0x000000c4cf000000) (1024K)]
  0x000002328fde4320 JavaThread "Worker-7"                          [_thread_blocked, id=15148, stack(0x000000c4cf000000,0x000000c4cf100000) (1024K)]
  0x000002328fde56d0 JavaThread "LocalFile Deleter"          daemon [_thread_blocked, id=29144, stack(0x000000c4cf100000,0x000000c4cf200000) (1024K)]
  0x000002328fde5d60 JavaThread "LocalFile Deleter"          daemon [_thread_blocked, id=24112, stack(0x000000c4cf200000,0x000000c4cf300000) (1024K)]
  0x000002328fde6a80 JavaThread "LocalFile Deleter"          daemon [_thread_blocked, id=5680, stack(0x000000c4cf300000,0x000000c4cf400000) (1024K)]
  0x000002328e75a070 JavaThread "LocalFile Deleter"          daemon [_thread_blocked, id=7496, stack(0x000000c4cf400000,0x000000c4cf500000) (1024K)]
  0x000002328e75bab0 JavaThread "LocalFile Deleter"          daemon [_thread_blocked, id=2388, stack(0x000000c4cf500000,0x000000c4cf600000) (1024K)]
  0x000002328e75ad90 JavaThread "LocalFile Deleter"          daemon [_thread_blocked, id=28796, stack(0x000000c4cf600000,0x000000c4cf700000) (1024K)]
  0x000002328e75d4f0 JavaThread "LocalFile Deleter"          daemon [_thread_blocked, id=14028, stack(0x000000c4cf700000,0x000000c4cf800000) (1024K)]
  0x000002328e75ce60 JavaThread "LocalFile Deleter"          daemon [_thread_blocked, id=30464, stack(0x000000c4cf800000,0x000000c4cf900000) (1024K)]
  0x000002328e75db80 JavaThread "LocalFile Deleter"          daemon [_thread_blocked, id=15964, stack(0x000000c4cf900000,0x000000c4cfa00000) (1024K)]
  0x000002328e75c140 JavaThread "LocalFile Deleter"          daemon [_thread_blocked, id=15836, stack(0x000000c4cfa00000,0x000000c4cfb00000) (1024K)]
  0x000002328e75a700 JavaThread "LocalFile Deleter"          daemon [_thread_blocked, id=5928, stack(0x000000c4cfb00000,0x000000c4cfc00000) (1024K)]
  0x000002328e75c7d0 JavaThread "LocalFile Deleter"          daemon [_thread_blocked, id=31140, stack(0x000000c4cfc00000,0x000000c4cfd00000) (1024K)]
  0x000002328e75e210 JavaThread "Compiler Source File Reader" daemon [_thread_blocked, id=6580, stack(0x000000c4cfd00000,0x000000c4cfe00000) (1024K)]
  0x000002328e75e8a0 JavaThread "Compiler Source File Reader" daemon [_thread_blocked, id=1524, stack(0x000000c4cfe00000,0x000000c4cff00000) (1024K)]
  0x000002328e75b420 JavaThread "Compiler Source File Reader" daemon [_thread_blocked, id=23568, stack(0x000000c4cff00000,0x000000c4d0000000) (1024K)]
  0x000002328e7602e0 JavaThread "Compiler Source File Reader" daemon [_thread_blocked, id=26536, stack(0x000000c4d0000000,0x000000c4d0100000) (1024K)]
  0x000002328e75f5c0 JavaThread "Compiler Source File Reader" daemon [_thread_blocked, id=20140, stack(0x000000c4d0100000,0x000000c4d0200000) (1024K)]
  0x000002328e761000 JavaThread "Compiler Source File Reader" daemon [_thread_blocked, id=7752, stack(0x000000c4d0200000,0x000000c4d0300000) (1024K)]
  0x000002328e760970 JavaThread "Compiler Source File Reader" daemon [_thread_blocked, id=28912, stack(0x000000c4d0300000,0x000000c4d0400000) (1024K)]
  0x000002328e75ef30 JavaThread "Compiler Source File Reader" daemon [_thread_blocked, id=4588, stack(0x000000c4d0400000,0x000000c4d0500000) (1024K)]
  0x000002328e75fc50 JavaThread "Compiler Processing Task"   daemon [_thread_blocked, id=5944, stack(0x000000c4d0500000,0x000000c4d0600000) (1024K)]
  0x000002328e761690 JavaThread "Compiler Class File Writer" daemon [_thread_blocked, id=28128, stack(0x000000c4d0600000,0x000000c4d0700000) (1024K)]
  0x00000232997ef610 JavaThread "Compiler Class File Writer" daemon [_thread_blocked, id=20832, stack(0x000000c4d0700000,0x000000c4d0800000) (1024K)]
  0x00000232997efca0 JavaThread "Compiler Class File Writer" daemon [_thread_blocked, id=8588, stack(0x000000c4d0800000,0x000000c4d0900000) (1024K)]
  0x00000232997f0330 JavaThread "Compiler Class File Writer" daemon [_thread_blocked, id=4100, stack(0x000000c4d0900000,0x000000c4d0a00000) (1024K)]
  0x00000232997f16e0 JavaThread "Compiler Class File Writer" daemon [_thread_blocked, id=12696, stack(0x000000c4d0a00000,0x000000c4d0b00000) (1024K)]
  0x00000232997f2400 JavaThread "Compiler Class File Writer" daemon [_thread_blocked, id=26316, stack(0x000000c4d0b00000,0x000000c4d0c00000) (1024K)]
  0x00000232997f1050 JavaThread "Compiler Class File Writer" daemon [_thread_blocked, id=3916, stack(0x000000c4d0c00000,0x000000c4d0d00000) (1024K)]
  0x00000232997f2a90 JavaThread "Compiler Class File Writer" daemon [_thread_blocked, id=19184, stack(0x000000c4d0d00000,0x000000c4d0e00000) (1024K)]
  0x00000232997f1d70 JavaThread "Compiler Class File Writer" daemon [_thread_blocked, id=14656, stack(0x000000c4d0e00000,0x000000c4d0f00000) (1024K)]
  0x000002328d38b760 JavaThread "C2 CompilerThread1"         daemon [_thread_in_native, id=22944, stack(0x000000c4cc100000,0x000000c4cc200000) (1024K)]
=>0x000002328f5b5d20 JavaThread "C2 CompilerThread2"         daemon [_thread_in_native, id=29652, stack(0x000000c4cc300000,0x000000c4cc400000) (1024K)]
Total: 76

Other Threads:
  0x000002322ed34930 VMThread "VM Thread"                           [id=28640, stack(0x000000c4cb700000,0x000000c4cb800000) (1024K)]
  0x000002322ec2ca00 WatcherThread "VM Periodic Task Thread"        [id=30176, stack(0x000000c4cb600000,0x000000c4cb700000) (1024K)]
  0x000002322edba680 WorkerThread "GC Thread#0"                     [id=8296, stack(0x000000c4cb500000,0x000000c4cb600000) (1024K)]
  0x000002328d5e5660 WorkerThread "GC Thread#1"                     [id=24400, stack(0x000000c4cc400000,0x000000c4cc500000) (1024K)]
  0x000002328d5e5a00 WorkerThread "GC Thread#2"                     [id=27076, stack(0x000000c4cc500000,0x000000c4cc600000) (1024K)]
  0x000002328d5e5da0 WorkerThread "GC Thread#3"                     [id=26080, stack(0x000000c4cc600000,0x000000c4cc700000) (1024K)]
  0x000002328d0425f0 WorkerThread "GC Thread#4"                     [id=12176, stack(0x000000c4cc700000,0x000000c4cc800000) (1024K)]
  0x000002328d042990 WorkerThread "GC Thread#5"                     [id=9168, stack(0x000000c4cc800000,0x000000c4cc900000) (1024K)]
  0x000002328d393190 WorkerThread "GC Thread#6"                     [id=9772, stack(0x000000c4cc900000,0x000000c4cca00000) (1024K)]
  0x000002328d5cfec0 WorkerThread "GC Thread#7"                     [id=11088, stack(0x000000c4ccc00000,0x000000c4ccd00000) (1024K)]
  0x000002328d5bc160 WorkerThread "GC Thread#8"                     [id=14912, stack(0x000000c4ccf00000,0x000000c4cd000000) (1024K)]
  0x000002328db9dc80 WorkerThread "GC Thread#9"                     [id=30244, stack(0x000000c4cd000000,0x000000c4cd100000) (1024K)]
Total: 12

Threads with active compile tasks:
C2 CompilerThread0  22201 11412   !   4       org.eclipse.jdt.internal.core.util.DeduplicationUtil::intern (149 bytes)
C2 CompilerThread1  22201 11411       4       org.eclipse.jdt.internal.core.JarPackageFragmentRoot::initRawPackageInfo (292 bytes)
C2 CompilerThread2  22201 11377       4       org.eclipse.jdt.internal.compiler.parser.Parser::consumeRule (7748 bytes)
Total: 3

VM state: not at safepoint (normal execution)

VM Mutex/Monitor currently owned by a thread: None

Heap address: 0x0000000080000000, size: 2048 MB, Compressed Oops mode: 32-bit

CDS archive(s) mapped at: [0x0000023246000000-0x0000023246ba0000-0x0000023246ba0000), size 12189696, SharedBaseAddress: 0x0000023246000000, ArchiveRelocationMode: 1.
Compressed class space mapped at: 0x0000023247000000-0x0000023287000000, reserved size: 1073741824
Narrow klass base: 0x0000023246000000, Narrow klass shift: 0, Narrow klass range: 0x100000000

GC Precious Log:
 CardTable entry size: 512
 CPUs: 12 total, 12 available
 Memory: 16052M
 Large Page Support: Disabled
 NUMA Support: Disabled
 Compressed Oops: Enabled (32-bit)
 Alignments: Space 512K, Generation 512K, Heap 2M
 Heap Min Capacity: 100M
 Heap Initial Capacity: 100M
 Heap Max Capacity: 2G
 Pre-touch: Disabled
 Parallel Workers: 10

Heap:
 PSYoungGen      total 5120K, used 4205K [0x00000000d5580000, 0x00000000d5b80000, 0x0000000100000000)
  eden space 4096K, 97% used [0x00000000d5580000,0x00000000d5963530,0x00000000d5980000)
  from space 1024K, 21% used [0x00000000d5980000,0x00000000d59b8000,0x00000000d5a80000)
  to   space 512K, 0% used [0x00000000d5b00000,0x00000000d5b00000,0x00000000d5b80000)
 ParOldGen       total 416256K, used 416094K [0x0000000080000000, 0x0000000099680000, 0x00000000d5580000)
  object space 416256K, 99% used [0x0000000080000000,0x0000000099657840,0x0000000099680000)
 Metaspace       used 62674K, committed 64128K, reserved 1114112K
  class space    used 6708K, committed 7360K, reserved 1048576K

Card table byte_map: [0x000002322e740000,0x000002322eb50000] _byte_map_base: 0x000002322e340000

Marking Bits: (ParMarkBitMap*) 0x00007ffb8db3a340
 Begin Bits: [0x0000023241240000, 0x0000023243240000)
 End Bits:   [0x0000023243240000, 0x0000023245240000)

Polling page: 0x000002322cc10000

Metaspace:

Usage:
  Non-class:     54.65 MB used.
      Class:      6.55 MB used.
       Both:     61.21 MB used.

Virtual space:
  Non-class space:       64.00 MB reserved,      55.44 MB ( 87%) committed,  1 nodes.
      Class space:        1.00 GB reserved,       7.19 MB ( <1%) committed,  1 nodes.
             Both:        1.06 GB reserved,      62.62 MB (  6%) committed. 

Chunk freelists:
   Non-Class:  7.81 MB
       Class:  8.82 MB
        Both:  16.63 MB

MaxMetaspaceSize: unlimited
CompressedClassSpaceSize: 1.00 GB
Initial GC threshold: 21.00 MB
Current GC threshold: 103.88 MB
CDS: on
 - commit_granule_bytes: 65536.
 - commit_granule_words: 8192.
 - virtual_space_node_default_size: 8388608.
 - enlarge_chunks_in_place: 1.
 - use_allocation_guard: 0.


Internal statistics:

num_allocs_failed_limit: 9.
num_arena_births: 1212.
num_arena_deaths: 22.
num_vsnodes_births: 2.
num_vsnodes_deaths: 0.
num_space_committed: 1002.
num_space_uncommitted: 0.
num_chunks_returned_to_freelist: 35.
num_chunks_taken_from_freelist: 4274.
num_chunk_merges: 18.
num_chunk_splits: 2571.
num_chunks_enlarged: 1364.
num_inconsistent_stats: 0.

CodeHeap 'non-profiled nmethods': size=120000Kb used=6845Kb max_used=7033Kb free=113154Kb
 bounds [0x0000023239a60000, 0x000002323a150000, 0x0000023240f90000]
CodeHeap 'profiled nmethods': size=120000Kb used=17433Kb max_used=21498Kb free=102566Kb
 bounds [0x0000023231f90000, 0x0000023233490000, 0x00000232394c0000]
CodeHeap 'non-nmethods': size=5760Kb used=1435Kb max_used=1512Kb free=4324Kb
 bounds [0x00000232394c0000, 0x0000023239730000, 0x0000023239a60000]
CodeCache: size=245760Kb, used=25713Kb, max_used=30043Kb, free=220044Kb
 total_blobs=10019, nmethods=9273, adapters=652, full_count=0
Compilation: enabled, stopped_count=0, restarted_count=0

Compilation events (20 events):
Event: 22.142 Thread 0x00000232886ae930 11406   !   3       org.eclipse.jdt.internal.core.PackageFragmentRoot::getSourceModuleDescription (154 bytes)
Event: 22.143 Thread 0x00000232886ae930 nmethod 11406 0x0000023232f77490 code [0x0000023232f77820, 0x0000023232f792b8]
Event: 22.143 Thread 0x00000232886ae930 11407       3       org.eclipse.jdt.internal.core.builder.ClasspathJrt::equals (81 bytes)
Event: 22.144 Thread 0x000002328d38b760 nmethod 11382 0x0000023239d1cf90 code [0x0000023239d1d120, 0x0000023239d1d2b8]
Event: 22.144 Thread 0x000002328d38b760 11409       4       org.eclipse.jdt.internal.core.util.WeakHashSet::cleanupGarbageCollectedValues (144 bytes)
Event: 22.144 Thread 0x00000232886ae930 nmethod 11407 0x0000023232625f90 code [0x00000232326261e0, 0x0000023232626aa8]
Event: 22.145 Thread 0x00000232886ae930 11410       3       org.eclipse.core.internal.resources.LocationValidator::validateName (145 bytes)
Event: 22.146 Thread 0x00000232886ae930 nmethod 11410 0x0000023232026310 code [0x0000023232026620, 0x00000232320273b0]
Event: 22.157 Thread 0x000002328d38b760 nmethod 11409 0x0000023239b0d290 code [0x0000023239b0d520, 0x0000023239b0de50]
Event: 22.157 Thread 0x000002328d38b760 11408       4       org.eclipse.core.runtime.Path::computeHashCode (47 bytes)
Event: 22.161 Thread 0x000002328d38b760 nmethod 11408 0x0000023239c61310 code [0x0000023239c614c0, 0x0000023239c61740]
Event: 22.161 Thread 0x000002328d38b760 11411       4       org.eclipse.jdt.internal.core.JarPackageFragmentRoot::initRawPackageInfo (292 bytes)
Event: 22.163 Thread 0x00000232886ae930 11416       3       java.util.TimSort::mergeCollapse (134 bytes)
Event: 22.163 Thread 0x00000232886ae930 nmethod 11416 0x0000023232067f10 code [0x0000023232068100, 0x00000232320685d0]
Event: 22.163 Thread 0x00000232886ae930 11417       3       java.lang.ThreadLocal::remove (8 bytes)
Event: 22.164 Thread 0x00000232886ae930 nmethod 11417 0x0000023232b78610 code [0x0000023232b787e0, 0x0000023232b78aa8]
Event: 22.164 Thread 0x00000232886ae930 11418       3       java.lang.ThreadLocal::remove (16 bytes)
Event: 22.164 Thread 0x00000232886ae930 nmethod 11418 0x000002323210d110 code [0x000002323210d2e0, 0x000002323210d530]
Event: 22.171 Thread 0x0000023288698c40 nmethod 11317% 0x000002323a145d10 code [0x000002323a146400, 0x000002323a14c770]
Event: 22.172 Thread 0x0000023288698c40 11412   !   4       org.eclipse.jdt.internal.core.util.DeduplicationUtil::intern (149 bytes)

GC Heap History (20 events):
Event: 22.015 GC heap before
{Heap before GC invocations=1362 (full 4):
 PSYoungGen      total 3584K, used 3194K [0x00000000d5580000, 0x00000000d5d80000, 0x0000000100000000)
  eden space 1536K, 100% used [0x00000000d5580000,0x00000000d5700000,0x00000000d5700000)
  from space 2048K, 80% used [0x00000000d5700000,0x00000000d589ead0,0x00000000d5900000)
  to   space 3072K, 0% used [0x00000000d5a80000,0x00000000d5a80000,0x00000000d5d80000)
 ParOldGen       total 406528K, used 406289K [0x0000000080000000, 0x0000000098d00000, 0x00000000d5580000)
  object space 406528K, 99% used [0x0000000080000000,0x0000000098cc4538,0x0000000098d00000)
 Metaspace       used 62462K, committed 63936K, reserved 1114112K
  class space    used 6694K, committed 7360K, reserved 1048576K
}
Event: 22.018 GC heap after
{Heap after GC invocations=1362 (full 4):
 PSYoungGen      total 4096K, used 1677K [0x00000000d5580000, 0x00000000d5c80000, 0x0000000100000000)
  eden space 2048K, 0% used [0x00000000d5580000,0x00000000d5580000,0x00000000d5780000)
  from space 2048K, 81% used [0x00000000d5a80000,0x00000000d5c23510,0x00000000d5c80000)
  to   space 2048K, 0% used [0x00000000d5880000,0x00000000d5880000,0x00000000d5a80000)
 ParOldGen       total 408064K, used 407856K [0x0000000080000000, 0x0000000098e80000, 0x00000000d5580000)
  object space 408064K, 99% used [0x0000000080000000,0x0000000098e4c288,0x0000000098e80000)
 Metaspace       used 62462K, committed 63936K, reserved 1114112K
  class space    used 6694K, committed 7360K, reserved 1048576K
}
Event: 22.021 GC heap before
{Heap before GC invocations=1363 (full 4):
 PSYoungGen      total 4096K, used 3654K [0x00000000d5580000, 0x00000000d5c80000, 0x0000000100000000)
  eden space 2048K, 96% used [0x00000000d5580000,0x00000000d576e560,0x00000000d5780000)
  from space 2048K, 81% used [0x00000000d5a80000,0x00000000d5c23510,0x00000000d5c80000)
  to   space 2048K, 0% used [0x00000000d5880000,0x00000000d5880000,0x00000000d5a80000)
 ParOldGen       total 408064K, used 407856K [0x0000000080000000, 0x0000000098e80000, 0x00000000d5580000)
  object space 408064K, 99% used [0x0000000080000000,0x0000000098e4c288,0x0000000098e80000)
 Metaspace       used 62462K, committed 63936K, reserved 1114112K
  class space    used 6694K, committed 7360K, reserved 1048576K
}
Event: 22.023 GC heap after
{Heap after GC invocations=1363 (full 4):
 PSYoungGen      total 4096K, used 1202K [0x00000000d5580000, 0x00000000d5b00000, 0x0000000100000000)
  eden space 2560K, 0% used [0x00000000d5580000,0x00000000d5580000,0x00000000d5800000)
  from space 1536K, 78% used [0x00000000d5880000,0x00000000d59ac8a8,0x00000000d5a00000)
  to   space 1024K, 0% used [0x00000000d5a00000,0x00000000d5a00000,0x00000000d5b00000)
 ParOldGen       total 408064K, used 407920K [0x0000000080000000, 0x0000000098e80000, 0x00000000d5580000)
  object space 408064K, 99% used [0x0000000080000000,0x0000000098e5c2a8,0x0000000098e80000)
 Metaspace       used 62462K, committed 63936K, reserved 1114112K
  class space    used 6694K, committed 7360K, reserved 1048576K
}
Event: 22.029 GC heap before
{Heap before GC invocations=1364 (full 4):
 PSYoungGen      total 4096K, used 3762K [0x00000000d5580000, 0x00000000d5b00000, 0x0000000100000000)
  eden space 2560K, 100% used [0x00000000d5580000,0x00000000d5800000,0x00000000d5800000)
  from space 1536K, 78% used [0x00000000d5880000,0x00000000d59ac8a8,0x00000000d5a00000)
  to   space 1024K, 0% used [0x00000000d5a00000,0x00000000d5a00000,0x00000000d5b00000)
 ParOldGen       total 408064K, used 407920K [0x0000000080000000, 0x0000000098e80000, 0x00000000d5580000)
  object space 408064K, 99% used [0x0000000080000000,0x0000000098e5c2a8,0x0000000098e80000)
 Metaspace       used 62462K, committed 63936K, reserved 1114112K
  class space    used 6694K, committed 7360K, reserved 1048576K
}
Event: 22.032 GC heap after
{Heap after GC invocations=1364 (full 4):
 PSYoungGen      total 3584K, used 1020K [0x00000000d5580000, 0x00000000d5b00000, 0x0000000100000000)
  eden space 2560K, 0% used [0x00000000d5580000,0x00000000d5580000,0x00000000d5800000)
  from space 1024K, 99% used [0x00000000d5a00000,0x00000000d5aff308,0x00000000d5b00000)
  to   space 1536K, 0% used [0x00000000d5880000,0x00000000d5880000,0x00000000d5a00000)
 ParOldGen       total 411136K, used 410634K [0x0000000080000000, 0x0000000099180000, 0x00000000d5580000)
  object space 411136K, 99% used [0x0000000080000000,0x0000000099102b50,0x0000000099180000)
 Metaspace       used 62462K, committed 63936K, reserved 1114112K
  class space    used 6694K, committed 7360K, reserved 1048576K
}
Event: 22.037 GC heap before
{Heap before GC invocations=1365 (full 4):
 PSYoungGen      total 3584K, used 3298K [0x00000000d5580000, 0x00000000d5b00000, 0x0000000100000000)
  eden space 2560K, 88% used [0x00000000d5580000,0x00000000d57b98e8,0x00000000d5800000)
  from space 1024K, 99% used [0x00000000d5a00000,0x00000000d5aff308,0x00000000d5b00000)
  to   space 1536K, 0% used [0x00000000d5880000,0x00000000d5880000,0x00000000d5a00000)
 ParOldGen       total 411136K, used 410634K [0x0000000080000000, 0x0000000099180000, 0x00000000d5580000)
  object space 411136K, 99% used [0x0000000080000000,0x0000000099102b50,0x0000000099180000)
 Metaspace       used 62462K, committed 63936K, reserved 1114112K
  class space    used 6694K, committed 7360K, reserved 1048576K
}
Event: 22.040 GC heap after
{Heap after GC invocations=1365 (full 4):
 PSYoungGen      total 4096K, used 1527K [0x00000000d5580000, 0x00000000d5b00000, 0x0000000100000000)
  eden space 2560K, 0% used [0x00000000d5580000,0x00000000d5580000,0x00000000d5800000)
  from space 1536K, 99% used [0x00000000d5880000,0x00000000d59fde10,0x00000000d5a00000)
  to   space 1024K, 0% used [0x00000000d5a00000,0x00000000d5a00000,0x00000000d5b00000)
 ParOldGen       total 412160K, used 412051K [0x0000000080000000, 0x0000000099280000, 0x00000000d5580000)
  object space 412160K, 99% used [0x0000000080000000,0x0000000099264f78,0x0000000099280000)
 Metaspace       used 62462K, committed 63936K, reserved 1114112K
  class space    used 6694K, committed 7360K, reserved 1048576K
}
Event: 22.072 GC heap before
{Heap before GC invocations=1366 (full 4):
 PSYoungGen      total 4096K, used 4087K [0x00000000d5580000, 0x00000000d5b00000, 0x0000000100000000)
  eden space 2560K, 100% used [0x00000000d5580000,0x00000000d5800000,0x00000000d5800000)
  from space 1536K, 99% used [0x00000000d5880000,0x00000000d59fde10,0x00000000d5a00000)
  to   space 1024K, 0% used [0x00000000d5a00000,0x00000000d5a00000,0x00000000d5b00000)
 ParOldGen       total 412160K, used 412051K [0x0000000080000000, 0x0000000099280000, 0x00000000d5580000)
  object space 412160K, 99% used [0x0000000080000000,0x0000000099264f78,0x0000000099280000)
 Metaspace       used 62462K, committed 63936K, reserved 1114112K
  class space    used 6694K, committed 7360K, reserved 1048576K
}
Event: 22.074 GC heap after
{Heap after GC invocations=1366 (full 4):
 PSYoungGen      total 3584K, used 920K [0x00000000d5580000, 0x00000000d5c80000, 0x0000000100000000)
  eden space 2560K, 0% used [0x00000000d5580000,0x00000000d5580000,0x00000000d5800000)
  from space 1024K, 89% used [0x00000000d5a00000,0x00000000d5ae6228,0x00000000d5b00000)
  to   space 2048K, 0% used [0x00000000d5800000,0x00000000d5800000,0x00000000d5a00000)
 ParOldGen       total 413696K, used 413383K [0x0000000080000000, 0x0000000099400000, 0x00000000d5580000)
  object space 413696K, 99% used [0x0000000080000000,0x00000000993b1eb0,0x0000000099400000)
 Metaspace       used 62462K, committed 63936K, reserved 1114112K
  class space    used 6694K, committed 7360K, reserved 1048576K
}
Event: 22.150 GC heap before
{Heap before GC invocations=1367 (full 4):
 PSYoungGen      total 3584K, used 3480K [0x00000000d5580000, 0x00000000d5c80000, 0x0000000100000000)
  eden space 2560K, 100% used [0x00000000d5580000,0x00000000d5800000,0x00000000d5800000)
  from space 1024K, 89% used [0x00000000d5a00000,0x00000000d5ae6228,0x00000000d5b00000)
  to   space 2048K, 0% used [0x00000000d5800000,0x00000000d5800000,0x00000000d5a00000)
 ParOldGen       total 413696K, used 413383K [0x0000000080000000, 0x0000000099400000, 0x00000000d5580000)
  object space 413696K, 99% used [0x0000000080000000,0x00000000993b1eb0,0x0000000099400000)
 Metaspace       used 62660K, committed 64128K, reserved 1114112K
  class space    used 6708K, committed 7360K, reserved 1048576K
}
Event: 22.152 GC heap after
{Heap after GC invocations=1367 (full 4):
 PSYoungGen      total 3584K, used 733K [0x00000000d5580000, 0x00000000d5a80000, 0x0000000100000000)
  eden space 2560K, 0% used [0x00000000d5580000,0x00000000d5580000,0x00000000d5800000)
  from space 1024K, 71% used [0x00000000d5800000,0x00000000d58b7608,0x00000000d5900000)
  to   space 1024K, 0% used [0x00000000d5980000,0x00000000d5980000,0x00000000d5a80000)
 ParOldGen       total 414720K, used 414224K [0x0000000080000000, 0x0000000099500000, 0x00000000d5580000)
  object space 414720K, 99% used [0x0000000080000000,0x00000000994840d8,0x0000000099500000)
 Metaspace       used 62660K, committed 64128K, reserved 1114112K
  class space    used 6708K, committed 7360K, reserved 1048576K
}
Event: 22.155 GC heap before
{Heap before GC invocations=1368 (full 4):
 PSYoungGen      total 3584K, used 3293K [0x00000000d5580000, 0x00000000d5a80000, 0x0000000100000000)
  eden space 2560K, 100% used [0x00000000d5580000,0x00000000d5800000,0x00000000d5800000)
  from space 1024K, 71% used [0x00000000d5800000,0x00000000d58b7608,0x00000000d5900000)
  to   space 1024K, 0% used [0x00000000d5980000,0x00000000d5980000,0x00000000d5a80000)
 ParOldGen       total 414720K, used 414224K [0x0000000080000000, 0x0000000099500000, 0x00000000d5580000)
  object space 414720K, 99% used [0x0000000080000000,0x00000000994840d8,0x0000000099500000)
 Metaspace       used 62660K, committed 64128K, reserved 1114112K
  class space    used 6708K, committed 7360K, reserved 1048576K
}
Event: 22.157 GC heap after
{Heap after GC invocations=1368 (full 4):
 PSYoungGen      total 3584K, used 192K [0x00000000d5580000, 0x00000000d5a00000, 0x0000000100000000)
  eden space 3072K, 0% used [0x00000000d5580000,0x00000000d5580000,0x00000000d5880000)
  from space 512K, 37% used [0x00000000d5980000,0x00000000d59b0000,0x00000000d5a00000)
  to   space 512K, 0% used [0x00000000d5900000,0x00000000d5900000,0x00000000d5980000)
 ParOldGen       total 415232K, used 414834K [0x0000000080000000, 0x0000000099580000, 0x00000000d5580000)
  object space 415232K, 99% used [0x0000000080000000,0x000000009951cae8,0x0000000099580000)
 Metaspace       used 62660K, committed 64128K, reserved 1114112K
  class space    used 6708K, committed 7360K, reserved 1048576K
}
Event: 22.161 GC heap before
{Heap before GC invocations=1369 (full 4):
 PSYoungGen      total 3584K, used 3264K [0x00000000d5580000, 0x00000000d5a00000, 0x0000000100000000)
  eden space 3072K, 100% used [0x00000000d5580000,0x00000000d5880000,0x00000000d5880000)
  from space 512K, 37% used [0x00000000d5980000,0x00000000d59b0000,0x00000000d5a00000)
  to   space 512K, 0% used [0x00000000d5900000,0x00000000d5900000,0x00000000d5980000)
 ParOldGen       total 415232K, used 414834K [0x0000000080000000, 0x0000000099580000, 0x00000000d5580000)
  object space 415232K, 99% used [0x0000000080000000,0x000000009951cae8,0x0000000099580000)
 Metaspace       used 62660K, committed 64128K, reserved 1114112K
  class space    used 6708K, committed 7360K, reserved 1048576K
}
Event: 22.162 GC heap after
{Heap after GC invocations=1369 (full 4):
 PSYoungGen      total 4096K, used 288K [0x00000000d5580000, 0x00000000d5a80000, 0x0000000100000000)
  eden space 3584K, 0% used [0x00000000d5580000,0x00000000d5580000,0x00000000d5900000)
  from space 512K, 56% used [0x00000000d5900000,0x00000000d5948000,0x00000000d5980000)
  to   space 512K, 0% used [0x00000000d5a00000,0x00000000d5a00000,0x00000000d5a80000)
 ParOldGen       total 415232K, used 414914K [0x0000000080000000, 0x0000000099580000, 0x00000000d5580000)
  object space 415232K, 99% used [0x0000000080000000,0x0000000099530ae8,0x0000000099580000)
 Metaspace       used 62660K, committed 64128K, reserved 1114112K
  class space    used 6708K, committed 7360K, reserved 1048576K
}
Event: 22.168 GC heap before
{Heap before GC invocations=1370 (full 4):
 PSYoungGen      total 4096K, used 3872K [0x00000000d5580000, 0x00000000d5a80000, 0x0000000100000000)
  eden space 3584K, 100% used [0x00000000d5580000,0x00000000d5900000,0x00000000d5900000)
  from space 512K, 56% used [0x00000000d5900000,0x00000000d5948000,0x00000000d5980000)
  to   space 512K, 0% used [0x00000000d5a00000,0x00000000d5a00000,0x00000000d5a80000)
 ParOldGen       total 415232K, used 414914K [0x0000000080000000, 0x0000000099580000, 0x00000000d5580000)
  object space 415232K, 99% used [0x0000000080000000,0x0000000099530ae8,0x0000000099580000)
 Metaspace       used 62661K, committed 64128K, reserved 1114112K
  class space    used 6708K, committed 7360K, reserved 1048576K
}
Event: 22.170 GC heap after
{Heap after GC invocations=1370 (full 4):
 PSYoungGen      total 4096K, used 489K [0x00000000d5580000, 0x00000000d5c00000, 0x0000000100000000)
  eden space 3584K, 0% used [0x00000000d5580000,0x00000000d5580000,0x00000000d5900000)
  from space 512K, 95% used [0x00000000d5a00000,0x00000000d5a7a520,0x00000000d5a80000)
  to   space 1024K, 0% used [0x00000000d5900000,0x00000000d5900000,0x00000000d5a00000)
 ParOldGen       total 415232K, used 415050K [0x0000000080000000, 0x0000000099580000, 0x00000000d5580000)
  object space 415232K, 99% used [0x0000000080000000,0x0000000099552ae8,0x0000000099580000)
 Metaspace       used 62661K, committed 64128K, reserved 1114112K
  class space    used 6708K, committed 7360K, reserved 1048576K
}
Event: 22.174 GC heap before
{Heap before GC invocations=1371 (full 4):
 PSYoungGen      total 4096K, used 4073K [0x00000000d5580000, 0x00000000d5c00000, 0x0000000100000000)
  eden space 3584K, 100% used [0x00000000d5580000,0x00000000d5900000,0x00000000d5900000)
  from space 512K, 95% used [0x00000000d5a00000,0x00000000d5a7a520,0x00000000d5a80000)
  to   space 1024K, 0% used [0x00000000d5900000,0x00000000d5900000,0x00000000d5a00000)
 ParOldGen       total 415232K, used 415050K [0x0000000080000000, 0x0000000099580000, 0x00000000d5580000)
  object space 415232K, 99% used [0x0000000080000000,0x0000000099552ae8,0x0000000099580000)
 Metaspace       used 62661K, committed 64128K, reserved 1114112K
  class space    used 6708K, committed 7360K, reserved 1048576K
}
Event: 22.175 GC heap after
{Heap after GC invocations=1371 (full 4):
 PSYoungGen      total 4608K, used 192K [0x00000000d5580000, 0x00000000d5b00000, 0x0000000100000000)
  eden space 3584K, 0% used [0x00000000d5580000,0x00000000d5580000,0x00000000d5900000)
  from space 1024K, 18% used [0x00000000d5900000,0x00000000d5930000,0x00000000d5a00000)
  to   space 512K, 0% used [0x00000000d5a80000,0x00000000d5a80000,0x00000000d5b00000)
 ParOldGen       total 415744K, used 415461K [0x0000000080000000, 0x0000000099600000, 0x00000000d5580000)
  object space 415744K, 99% used [0x0000000080000000,0x00000000995b9668,0x0000000099600000)
 Metaspace       used 62661K, committed 64128K, reserved 1114112K
  class space    used 6708K, committed 7360K, reserved 1048576K
}

Dll operation events (10 events):
Event: 0.010 Loaded shared library c:\Users\manan\.vscode\extensions\redhat.java-1.44.0-win32-x64\jre\21.0.8-win32-x86_64\bin\java.dll
Event: 0.054 Loaded shared library c:\Users\manan\.vscode\extensions\redhat.java-1.44.0-win32-x64\jre\21.0.8-win32-x86_64\bin\zip.dll
Event: 0.068 Loaded shared library C:\Users\manan\.vscode\extensions\redhat.java-1.44.0-win32-x64\jre\21.0.8-win32-x86_64\bin\instrument.dll
Event: 0.071 Loaded shared library C:\Users\manan\.vscode\extensions\redhat.java-1.44.0-win32-x64\jre\21.0.8-win32-x86_64\bin\net.dll
Event: 0.072 Loaded shared library C:\Users\manan\.vscode\extensions\redhat.java-1.44.0-win32-x64\jre\21.0.8-win32-x86_64\bin\nio.dll
Event: 0.074 Loaded shared library C:\Users\manan\.vscode\extensions\redhat.java-1.44.0-win32-x64\jre\21.0.8-win32-x86_64\bin\zip.dll
Event: 0.085 Loaded shared library C:\Users\manan\.vscode\extensions\redhat.java-1.44.0-win32-x64\jre\21.0.8-win32-x86_64\bin\jimage.dll
Event: 0.135 Loaded shared library c:\Users\manan\.vscode\extensions\redhat.java-1.44.0-win32-x64\jre\21.0.8-win32-x86_64\bin\verify.dll
Event: 0.878 Loaded shared library C:\Users\manan\AppData\Roaming\Code\User\globalStorage\redhat.java\1.44.0\config_win\org.eclipse.equinox.launcher\org.eclipse.equinox.launcher.win32.win32.x86_64_1.2.1400.v20250730-1736\eclipse_11913.dll
Event: 1.825 Loaded shared library C:\Users\manan\AppData\Local\Temp\jna-103662343\jna7762987981801393182.dll

Deoptimization events (20 events):
Event: 22.096 Thread 0x000002328e4f3540 Uncommon trap: trap_request=0xffffff45 fr.pc=0x0000023239fbc9b0 relative=0x0000000000001110
Event: 22.096 Thread 0x000002328e4f3540 Uncommon trap: reason=unstable_if action=reinterpret pc=0x0000023239fbc9b0 method=org.eclipse.jdt.internal.core.search.indexing.AbstractIndexer.addConstructorDeclaration([CI[C[[C[[CI[CI[[CI)V @ 56 c2
Event: 22.096 Thread 0x000002328e4f3540 DEOPT PACKING pc=0x0000023239fbc9b0 sp=0x000000c4cd9fea80
Event: 22.096 Thread 0x000002328e4f3540 DEOPT UNPACKING pc=0x0000023239513aa2 sp=0x000000c4cd9fea60 mode 2
Event: 22.096 Thread 0x000002328e4f3540 Uncommon trap: trap_request=0xffffffde fr.pc=0x000002323a048580 relative=0x00000000000019c0
Event: 22.096 Thread 0x000002328e4f3540 Uncommon trap: reason=class_check action=maybe_recompile pc=0x000002323a048580 method=org.eclipse.jdt.internal.core.search.indexing.AbstractIndexer.addConstructorReference([CI)V @ 9 c2
Event: 22.096 Thread 0x000002328e4f3540 DEOPT PACKING pc=0x000002323a048580 sp=0x000000c4cd9fea90
Event: 22.096 Thread 0x000002328e4f3540 DEOPT UNPACKING pc=0x0000023239513aa2 sp=0x000000c4cd9fea98 mode 2
Event: 22.096 Thread 0x000002328e4f3540 Uncommon trap: trap_request=0xffffff45 fr.pc=0x0000023239eb5fd4 relative=0x0000000000001534
Event: 22.097 Thread 0x000002328e4f3540 Uncommon trap: reason=unstable_if action=reinterpret pc=0x0000023239eb5fd4 method=org.eclipse.jdt.internal.core.search.matching.ConstructorPattern.createDeclarationIndexKey([CI[C[[C[[CI[CII)[C @ 51 c2
Event: 22.097 Thread 0x000002328e4f3540 DEOPT PACKING pc=0x0000023239eb5fd4 sp=0x000000c4cd9fe9b0
Event: 22.097 Thread 0x000002328e4f3540 DEOPT UNPACKING pc=0x0000023239513aa2 sp=0x000000c4cd9fe958 mode 2
Event: 22.097 Thread 0x000002328e4f3540 Uncommon trap: trap_request=0xffffffde fr.pc=0x000002323a048580 relative=0x00000000000019c0
Event: 22.097 Thread 0x000002328e4f3540 Uncommon trap: reason=class_check action=maybe_recompile pc=0x000002323a048580 method=org.eclipse.jdt.internal.core.search.indexing.AbstractIndexer.addConstructorReference([CI)V @ 9 c2
Event: 22.097 Thread 0x000002328e4f3540 DEOPT PACKING pc=0x000002323a048580 sp=0x000000c4cd9fea90
Event: 22.097 Thread 0x000002328e4f3540 DEOPT UNPACKING pc=0x0000023239513aa2 sp=0x000000c4cd9fea98 mode 2
Event: 22.099 Thread 0x000002328e4f3540 Uncommon trap: trap_request=0xffffff66 fr.pc=0x000002323a00242c relative=0x000000000000014c
Event: 22.099 Thread 0x000002328e4f3540 Uncommon trap: reason=speculate_class_check action=maybe_recompile pc=0x000002323a00242c method=org.eclipse.jdt.internal.core.search.indexing.AbstractIndexer.addFieldDeclaration([C[C)V @ 13 c2
Event: 22.099 Thread 0x000002328e4f3540 DEOPT PACKING pc=0x000002323a00242c sp=0x000000c4cd9feb70
Event: 22.099 Thread 0x000002328e4f3540 DEOPT UNPACKING pc=0x0000023239513aa2 sp=0x000000c4cd9feb18 mode 2

Classes loaded (20 events):
Event: 8.085 Loading class java/nio/file/FileTreeWalker$1
Event: 8.085 Loading class java/nio/file/FileTreeWalker$1 done
Event: 8.086 Loading class sun/nio/fs/Globs
Event: 8.086 Loading class sun/nio/fs/Globs done
Event: 8.087 Loading class java/util/regex/Pattern$SliceU
Event: 8.087 Loading class java/util/regex/Pattern$SliceU done
Event: 8.087 Loading class sun/nio/fs/WindowsFileSystem$2
Event: 8.087 Loading class java/nio/file/PathMatcher
Event: 8.087 Loading class java/nio/file/PathMatcher done
Event: 8.087 Loading class sun/nio/fs/WindowsFileSystem$2 done
Event: 8.269 Loading class java/util/Collections$SynchronizedRandomAccessList
Event: 8.269 Loading class java/util/Collections$SynchronizedList
Event: 8.269 Loading class java/util/Collections$SynchronizedList done
Event: 8.270 Loading class java/util/Collections$SynchronizedRandomAccessList done
Event: 8.301 Loading class java/util/concurrent/CompletableFuture$Signaller
Event: 8.302 Loading class java/util/concurrent/CompletableFuture$Signaller done
Event: 8.363 Loading class java/util/Hashtable$KeySet
Event: 8.363 Loading class java/util/Hashtable$KeySet done
Event: 8.558 Loading class java/lang/invoke/MethodHandleImpl$CountingWrapper$1
Event: 8.559 Loading class java/lang/invoke/MethodHandleImpl$CountingWrapper$1 done

Classes unloaded (11 events):
Event: 2.185 Thread 0x000002322ed34930 Unloading class 0x00000232471ad000 'java/lang/invoke/LambdaForm$MH+0x00000232471ad000'
Event: 2.185 Thread 0x000002322ed34930 Unloading class 0x00000232471acc00 'java/lang/invoke/LambdaForm$MH+0x00000232471acc00'
Event: 2.185 Thread 0x000002322ed34930 Unloading class 0x00000232471ac800 'java/lang/invoke/LambdaForm$MH+0x00000232471ac800'
Event: 2.185 Thread 0x000002322ed34930 Unloading class 0x00000232471ac400 'java/lang/invoke/LambdaForm$MH+0x00000232471ac400'
Event: 2.185 Thread 0x000002322ed34930 Unloading class 0x00000232471ac000 'java/lang/invoke/LambdaForm$BMH+0x00000232471ac000'
Event: 2.185 Thread 0x000002322ed34930 Unloading class 0x00000232471abc00 'java/lang/invoke/LambdaForm$DMH+0x00000232471abc00'
Event: 2.185 Thread 0x000002322ed34930 Unloading class 0x00000232471aa800 'java/lang/invoke/LambdaForm$DMH+0x00000232471aa800'
Event: 7.297 Thread 0x000002322ed34930 Unloading class 0x00000232476a5400 'java/lang/invoke/LambdaForm$DMH+0x00000232476a5400'
Event: 7.297 Thread 0x000002322ed34930 Unloading class 0x00000232476a4c00 'java/lang/invoke/LambdaForm$DMH+0x00000232476a4c00'
Event: 7.297 Thread 0x000002322ed34930 Unloading class 0x00000232476a5000 'java/lang/invoke/LambdaForm$DMH+0x00000232476a5000'
Event: 7.297 Thread 0x000002322ed34930 Unloading class 0x00000232476a4800 'java/lang/invoke/LambdaForm$DMH+0x00000232476a4800'

Classes redefined (0 events):
No events

Internal exceptions (20 events):
Event: 15.910 Thread 0x000002328e4f3540 Exception <a 'sun/nio/fs/WindowsException'{0x00000000d5707e68}> (0x00000000d5707e68) 
thrown [s\src\hotspot\share\prims\jni.cpp, line 520]
Event: 15.928 Thread 0x000002328e4f3540 Exception <a 'sun/nio/fs/WindowsException'{0x00000000d576c750}> (0x00000000d576c750) 
thrown [s\src\hotspot\share\prims\jni.cpp, line 520]
Event: 15.965 Thread 0x000002328e4f3540 Exception <a 'sun/nio/fs/WindowsException'{0x00000000d55bd1b0}> (0x00000000d55bd1b0) 
thrown [s\src\hotspot\share\prims\jni.cpp, line 520]
Event: 15.972 Thread 0x000002328e4f3540 Exception <a 'sun/nio/fs/WindowsException'{0x00000000d55e1460}> (0x00000000d55e1460) 
thrown [s\src\hotspot\share\prims\jni.cpp, line 520]
Event: 16.082 Thread 0x000002328e4f3540 Exception <a 'sun/nio/fs/WindowsException'{0x00000000d56c9820}> (0x00000000d56c9820) 
thrown [s\src\hotspot\share\prims\jni.cpp, line 520]
Event: 16.150 Thread 0x000002328e4f3540 Exception <a 'sun/nio/fs/WindowsException'{0x00000000d5588410}> (0x00000000d5588410) 
thrown [s\src\hotspot\share\prims\jni.cpp, line 520]
Event: 16.202 Thread 0x000002328e4f3540 Exception <a 'sun/nio/fs/WindowsException'{0x00000000d5580cc0}> (0x00000000d5580cc0) 
thrown [s\src\hotspot\share\prims\jni.cpp, line 520]
Event: 16.304 Thread 0x000002328e4f3540 Exception <a 'sun/nio/fs/WindowsException'{0x00000000d57e61e0}> (0x00000000d57e61e0) 
thrown [s\src\hotspot\share\prims\jni.cpp, line 520]
Event: 16.336 Thread 0x000002328e4f3540 Exception <a 'sun/nio/fs/WindowsException'{0x00000000d5640380}> (0x00000000d5640380) 
thrown [s\src\hotspot\share\prims\jni.cpp, line 520]
Event: 16.364 Thread 0x000002328e4f3540 Exception <a 'sun/nio/fs/WindowsException'{0x00000000d57f3508}> (0x00000000d57f3508) 
thrown [s\src\hotspot\share\prims\jni.cpp, line 520]
Event: 16.388 Thread 0x000002328e4f3540 Exception <a 'sun/nio/fs/WindowsException'{0x00000000d55d1a00}> (0x00000000d55d1a00) 
thrown [s\src\hotspot\share\prims\jni.cpp, line 520]
Event: 16.410 Thread 0x000002328e4f3540 Exception <a 'sun/nio/fs/WindowsException'{0x00000000d56efd18}> (0x00000000d56efd18) 
thrown [s\src\hotspot\share\prims\jni.cpp, line 520]
Event: 16.433 Thread 0x000002328e4f3540 Exception <a 'sun/nio/fs/WindowsException'{0x00000000d5789ec8}> (0x00000000d5789ec8) 
thrown [s\src\hotspot\share\prims\jni.cpp, line 520]
Event: 16.710 Thread 0x000002328e4f3540 Exception <a 'sun/nio/fs/WindowsException'{0x00000000d57a8368}> (0x00000000d57a8368) 
thrown [s\src\hotspot\share\prims\jni.cpp, line 520]
Event: 16.734 Thread 0x000002328e4f3540 Exception <a 'sun/nio/fs/WindowsException'{0x00000000d55f2ca0}> (0x00000000d55f2ca0) 
thrown [s\src\hotspot\share\prims\jni.cpp, line 520]
Event: 16.882 Thread 0x000002328e4f3540 Exception <a 'sun/nio/fs/WindowsException'{0x00000000d55ed6e0}> (0x00000000d55ed6e0) 
thrown [s\src\hotspot\share\prims\jni.cpp, line 520]
Event: 16.930 Thread 0x000002328e4f3540 Exception <a 'sun/nio/fs/WindowsException'{0x00000000d57a2b38}> (0x00000000d57a2b38) 
thrown [s\src\hotspot\share\prims\jni.cpp, line 520]
Event: 17.000 Thread 0x000002328e4f3540 Implicit null exception at 0x0000023239fbf315 to 0x0000023239fc1598
Event: 21.667 Thread 0x000002328e4f3540 Exception <a 'sun/nio/fs/WindowsException'{0x00000000d5665200}> (0x00000000d5665200) 
thrown [s\src\hotspot\share\prims\jni.cpp, line 520]
Event: 22.096 Thread 0x000002328e4f3540 Implicit null exception at 0x0000023239fbb9b0 to 0x0000023239fbc9a0

ZGC Phase Switch (0 events):
No events

VM Operations (20 events):
Event: 22.037 Executing VM operation: ParallelGCFailedAllocation (Allocation Failure)
Event: 22.040 Executing VM operation: ParallelGCFailedAllocation (Allocation Failure) done
Event: 22.072 Executing VM operation: ParallelGCFailedAllocation (Allocation Failure)
Event: 22.074 Executing VM operation: ParallelGCFailedAllocation (Allocation Failure) done
Event: 22.134 Executing VM operation: HandshakeAllThreads (Deoptimize)
Event: 22.134 Executing VM operation: HandshakeAllThreads (Deoptimize) done
Event: 22.146 Executing VM operation: HandshakeAllThreads (Deoptimize)
Event: 22.146 Executing VM operation: HandshakeAllThreads (Deoptimize) done
Event: 22.147 Executing VM operation: HandshakeAllThreads (Deoptimize)
Event: 22.147 Executing VM operation: HandshakeAllThreads (Deoptimize) done
Event: 22.150 Executing VM operation: ParallelGCFailedAllocation (Allocation Failure)
Event: 22.152 Executing VM operation: ParallelGCFailedAllocation (Allocation Failure) done
Event: 22.155 Executing VM operation: ParallelGCFailedAllocation (Allocation Failure)
Event: 22.157 Executing VM operation: ParallelGCFailedAllocation (Allocation Failure) done
Event: 22.161 Executing VM operation: ParallelGCFailedAllocation (Allocation Failure)
Event: 22.162 Executing VM operation: ParallelGCFailedAllocation (Allocation Failure) done
Event: 22.168 Executing VM operation: ParallelGCFailedAllocation (Allocation Failure)
Event: 22.170 Executing VM operation: ParallelGCFailedAllocation (Allocation Failure) done
Event: 22.174 Executing VM operation: ParallelGCFailedAllocation (Allocation Failure)
Event: 22.175 Executing VM operation: ParallelGCFailedAllocation (Allocation Failure) done

Memory protections (0 events):
No events

Nmethod flushes (20 events):
Event: 17.198 Thread 0x000002322ed34930 flushing  nmethod 0x00000232330a6090
Event: 17.198 Thread 0x000002322ed34930 flushing  nmethod 0x00000232330a7310
Event: 17.198 Thread 0x000002322ed34930 flushing  nmethod 0x00000232330b2f10
Event: 17.198 Thread 0x000002322ed34930 flushing  nmethod 0x00000232330b4710
Event: 17.198 Thread 0x000002322ed34930 flushing  nmethod 0x00000232330c0e90
Event: 17.198 Thread 0x000002322ed34930 flushing  nmethod 0x00000232330c2e90
Event: 17.198 Thread 0x000002322ed34930 flushing  nmethod 0x00000232330cf910
Event: 17.198 Thread 0x000002322ed34930 flushing  nmethod 0x00000232330d4090
Event: 17.198 Thread 0x000002322ed34930 flushing  nmethod 0x0000023233107710
Event: 17.198 Thread 0x000002322ed34930 flushing  nmethod 0x0000023233108a10
Event: 17.198 Thread 0x000002322ed34930 flushing  nmethod 0x0000023233108e90
Event: 17.198 Thread 0x000002322ed34930 flushing  nmethod 0x0000023233109990
Event: 17.198 Thread 0x000002322ed34930 flushing  nmethod 0x000002323311e710
Event: 17.198 Thread 0x000002322ed34930 flushing  nmethod 0x000002323312d390
Event: 17.198 Thread 0x000002322ed34930 flushing  nmethod 0x0000023233132810
Event: 17.198 Thread 0x000002322ed34930 flushing  nmethod 0x0000023233160490
Event: 17.198 Thread 0x000002322ed34930 flushing  nmethod 0x0000023233161390
Event: 17.198 Thread 0x000002322ed34930 flushing  nmethod 0x0000023233163710
Event: 17.198 Thread 0x000002322ed34930 flushing  nmethod 0x0000023233163f10
Event: 17.198 Thread 0x000002322ed34930 flushing  nmethod 0x0000023233165890

Events (20 events):
Event: 7.605 Thread 0x000002328e4ee680 Thread added: 0x000002328f522110
Event: 7.605 Thread 0x000002328e4ee680 Thread added: 0x000002328f520d60
Event: 7.605 Thread 0x000002328e4ee680 Thread added: 0x000002328f524870
Event: 7.606 Thread 0x000002328e4ee680 Thread added: 0x000002328f523b50
Event: 7.606 Thread 0x000002328e4ee680 Thread added: 0x000002328f5227a0
Event: 7.666 Thread 0x000002328f522110 Thread exited: 0x000002328f522110
Event: 7.666 Thread 0x000002328f523b50 Thread exited: 0x000002328f523b50
Event: 7.666 Thread 0x000002328f524870 Thread exited: 0x000002328f524870
Event: 7.666 Thread 0x000002328f5227a0 Thread exited: 0x000002328f5227a0
Event: 7.666 Thread 0x000002328f520d60 Thread exited: 0x000002328f520d60
Event: 8.435 Thread 0x000002328fde0810 Thread added: 0x000002328f521a80
Event: 11.412 Thread 0x000002328d38b760 Thread exited: 0x000002328d38b760
Event: 11.644 Thread 0x000002328893f7e0 Thread exited: 0x000002328893f7e0
Event: 13.436 Thread 0x000002328f521a80 Thread exited: 0x000002328f521a80
Event: 17.007 Thread 0x00000232886ae930 Thread added: 0x000002328d38b760
Event: 17.007 Thread 0x00000232886ae930 Thread added: 0x000002329a340920
Event: 17.930 Thread 0x000002329a340920 Thread exited: 0x000002329a340920
Event: 18.273 Thread 0x000002328d38b760 Thread exited: 0x000002328d38b760
Event: 21.732 Thread 0x0000023288698c40 Thread added: 0x000002328d38b760
Event: 22.132 Thread 0x000002328d38b760 Thread added: 0x000002328f5b5d20


Dynamic libraries:
0x00007ff7a85f0000 - 0x00007ff7a85fe000 	c:\Users\manan\.vscode\extensions\redhat.java-1.44.0-win32-x64\jre\21.0.8-win32-x86_64\bin\java.exe
0x00007ffc5edc0000 - 0x00007ffc5f027000 	C:\WINDOWS\SYSTEM32\ntdll.dll
0x00007ffc5dbe0000 - 0x00007ffc5dca9000 	C:\WINDOWS\System32\KERNEL32.DLL
0x00007ffc5c490000 - 0x00007ffc5c880000 	C:\WINDOWS\System32\KERNELBASE.dll
0x00007ffc5c1c0000 - 0x00007ffc5c30b000 	C:\WINDOWS\System32\ucrtbase.dll
0x00007ffc3afd0000 - 0x00007ffc3afe8000 	c:\Users\manan\.vscode\extensions\redhat.java-1.44.0-win32-x64\jre\21.0.8-win32-x86_64\bin\jli.dll
0x00007ffc5cb50000 - 0x00007ffc5cd15000 	C:\WINDOWS\System32\USER32.dll
0x00007ffc5c3b0000 - 0x00007ffc5c3d7000 	C:\WINDOWS\System32\win32u.dll
0x00007ffc5d270000 - 0x00007ffc5d29b000 	C:\WINDOWS\System32\GDI32.dll
0x00007ffc5c890000 - 0x00007ffc5c9c8000 	C:\WINDOWS\System32\gdi32full.dll
0x00007ffc5c3e0000 - 0x00007ffc5c483000 	C:\WINDOWS\System32\msvcp_win.dll
0x00007ffc3afa0000 - 0x00007ffc3afbe000 	c:\Users\manan\.vscode\extensions\redhat.java-1.44.0-win32-x64\jre\21.0.8-win32-x86_64\bin\VCRUNTIME140.dll
0x00007ffc3c620000 - 0x00007ffc3c8ba000 	C:\WINDOWS\WinSxS\amd64_microsoft.windows.common-controls_6595b64144ccf1df_6.0.26100.4768_none_3e0c112ce331287c\COMCTL32.dll
0x00007ffc5d310000 - 0x00007ffc5d3b9000 	C:\WINDOWS\System32\msvcrt.dll
0x00007ffc5e3d0000 - 0x00007ffc5e3ff000 	C:\WINDOWS\System32\IMM32.DLL
0x00007ffc46ad0000 - 0x00007ffc46adc000 	c:\Users\manan\.vscode\extensions\redhat.java-1.44.0-win32-x64\jre\21.0.8-win32-x86_64\bin\vcruntime140_1.dll
0x00007ffbfe800000 - 0x00007ffbfe88d000 	c:\Users\manan\.vscode\extensions\redhat.java-1.44.0-win32-x64\jre\21.0.8-win32-x86_64\bin\msvcp140.dll
0x00007ffb8ce80000 - 0x00007ffb8dc17000 	c:\Users\manan\.vscode\extensions\redhat.java-1.44.0-win32-x64\jre\21.0.8-win32-x86_64\bin\server\jvm.dll
0x00007ffc5e550000 - 0x00007ffc5e604000 	C:\WINDOWS\System32\ADVAPI32.dll
0x00007ffc5e410000 - 0x00007ffc5e4b6000 	C:\WINDOWS\System32\sechost.dll
0x00007ffc5cf40000 - 0x00007ffc5d058000 	C:\WINDOWS\System32\RPCRT4.dll
0x00007ffc5e160000 - 0x00007ffc5e1d4000 	C:\WINDOWS\System32\WS2_32.dll
0x00007ffc5bd50000 - 0x00007ffc5bdae000 	C:\WINDOWS\SYSTEM32\POWRPROF.dll
0x00007ffc49620000 - 0x00007ffc4962b000 	C:\WINDOWS\SYSTEM32\VERSION.dll
0x00007ffc4fb40000 - 0x00007ffc4fb75000 	C:\WINDOWS\SYSTEM32\WINMM.dll
0x00007ffc5bd30000 - 0x00007ffc5bd44000 	C:\WINDOWS\SYSTEM32\UMPDC.dll
0x00007ffc5abd0000 - 0x00007ffc5abeb000 	C:\WINDOWS\SYSTEM32\kernel.appcore.dll
0x00007ffc469a0000 - 0x00007ffc469aa000 	c:\Users\manan\.vscode\extensions\redhat.java-1.44.0-win32-x64\jre\21.0.8-win32-x86_64\bin\jimage.dll
0x00007ffc597d0000 - 0x00007ffc59a11000 	C:\WINDOWS\SYSTEM32\DBGHELP.DLL
0x00007ffc5dcb0000 - 0x00007ffc5e035000 	C:\WINDOWS\System32\combase.dll
0x00007ffc5e800000 - 0x00007ffc5e8e0000 	C:\WINDOWS\System32\OLEAUT32.dll
0x00007ffc386f0000 - 0x00007ffc38733000 	C:\WINDOWS\SYSTEM32\dbgcore.DLL
0x00007ffc5c310000 - 0x00007ffc5c3a9000 	C:\WINDOWS\System32\bcryptPrimitives.dll
0x00007ffc43050000 - 0x00007ffc4305f000 	c:\Users\manan\.vscode\extensions\redhat.java-1.44.0-win32-x64\jre\21.0.8-win32-x86_64\bin\instrument.dll
0x00007ffc345f0000 - 0x00007ffc3460f000 	c:\Users\manan\.vscode\extensions\redhat.java-1.44.0-win32-x64\jre\21.0.8-win32-x86_64\bin\java.dll
0x00007ffc5d3d0000 - 0x00007ffc5db1d000 	C:\WINDOWS\System32\SHELL32.dll
0x00007ffc5c9d0000 - 0x00007ffc5cb43000 	C:\WINDOWS\System32\wintypes.dll
0x00007ffc59aa0000 - 0x00007ffc5a300000 	C:\WINDOWS\SYSTEM32\windows.storage.dll
0x00007ffc5d060000 - 0x00007ffc5d155000 	C:\WINDOWS\System32\SHCORE.dll
0x00007ffc5d2a0000 - 0x00007ffc5d30a000 	C:\WINDOWS\System32\shlwapi.dll
0x00007ffc5be10000 - 0x00007ffc5be39000 	C:\WINDOWS\SYSTEM32\profapi.dll
0x00007ffc3b380000 - 0x00007ffc3b398000 	c:\Users\manan\.vscode\extensions\redhat.java-1.44.0-win32-x64\jre\21.0.8-win32-x86_64\bin\zip.dll
0x00007ffc46c80000 - 0x00007ffc46c90000 	C:\Users\manan\.vscode\extensions\redhat.java-1.44.0-win32-x64\jre\21.0.8-win32-x86_64\bin\net.dll
0x00007ffc4f900000 - 0x00007ffc4fa1e000 	C:\WINDOWS\SYSTEM32\WINHTTP.dll
0x00007ffc5b200000 - 0x00007ffc5b26b000 	C:\WINDOWS\system32\mswsock.dll
0x00007ffc24840000 - 0x00007ffc24856000 	C:\Users\manan\.vscode\extensions\redhat.java-1.44.0-win32-x64\jre\21.0.8-win32-x86_64\bin\nio.dll
0x00007ffc42380000 - 0x00007ffc42390000 	c:\Users\manan\.vscode\extensions\redhat.java-1.44.0-win32-x64\jre\21.0.8-win32-x86_64\bin\verify.dll
0x00007ffc0c0d0000 - 0x00007ffc0c115000 	C:\Users\manan\AppData\Roaming\Code\User\globalStorage\redhat.java\1.44.0\config_win\org.eclipse.equinox.launcher\org.eclipse.equinox.launcher.win32.win32.x86_64_1.2.1400.v20250730-1736\eclipse_11913.dll
0x00007ffc5cd90000 - 0x00007ffc5cf30000 	C:\WINDOWS\System32\ole32.dll
0x00007ffc5b4d0000 - 0x00007ffc5b4eb000 	C:\WINDOWS\SYSTEM32\CRYPTSP.dll
0x00007ffc5abf0000 - 0x00007ffc5ac2b000 	C:\WINDOWS\system32\rsaenh.dll
0x00007ffc5b2a0000 - 0x00007ffc5b2cb000 	C:\WINDOWS\SYSTEM32\USERENV.dll
0x00007ffc5bde0000 - 0x00007ffc5be06000 	C:\WINDOWS\SYSTEM32\bcrypt.dll
0x00007ffc5b4c0000 - 0x00007ffc5b4cc000 	C:\WINDOWS\SYSTEM32\CRYPTBASE.dll
0x00007ffc5a680000 - 0x00007ffc5a6b3000 	C:\WINDOWS\SYSTEM32\IPHLPAPI.DLL
0x00007ffc5e050000 - 0x00007ffc5e05a000 	C:\WINDOWS\System32\NSI.dll
0x00007ffc01610000 - 0x00007ffc01659000 	C:\Users\manan\AppData\Local\Temp\jna-103662343\jna7762987981801393182.dll
0x00007ffc5e040000 - 0x00007ffc5e048000 	C:\WINDOWS\System32\PSAPI.DLL
0x00007ffc52a70000 - 0x00007ffc52a8f000 	C:\WINDOWS\SYSTEM32\dhcpcsvc6.DLL
0x00007ffc52750000 - 0x00007ffc52775000 	C:\WINDOWS\SYSTEM32\dhcpcsvc.DLL
0x00007ffc5ada0000 - 0x00007ffc5add6000 	C:\WINDOWS\SYSTEM32\ntmarta.dll

JVMTI agents:
c:\Users\manan\.vscode\extensions\redhat.java-1.44.0-win32-x64\lombok\lombok-1.18.39-4050.jar path:c:\Users\manan\.vscode\extensions\redhat.java-1.44.0-win32-x64\jre\21.0.8-win32-x86_64\bin\instrument.dll, loaded, initialized, instrumentlib options:none

dbghelp: loaded successfully - version: 4.0.5 - missing functions: none
symbol engine: initialized successfully - sym options: 0x614 - pdb path: .;c:\Users\manan\.vscode\extensions\redhat.java-1.44.0-win32-x64\jre\21.0.8-win32-x86_64\bin;C:\WINDOWS\SYSTEM32;C:\WINDOWS\WinSxS\amd64_microsoft.windows.common-controls_6595b64144ccf1df_6.0.26100.4768_none_3e0c112ce331287c;c:\Users\manan\.vscode\extensions\redhat.java-1.44.0-win32-x64\jre\21.0.8-win32-x86_64\bin\server;C:\Users\manan\AppData\Roaming\Code\User\globalStorage\redhat.java\1.44.0\config_win\org.eclipse.equinox.launcher\org.eclipse.equinox.launcher.win32.win32.x86_64_1.2.1400.v20250730-1736;C:\Users\manan\AppData\Local\Temp\jna-103662343

VM Arguments:
jvm_args: --add-modules=ALL-SYSTEM --add-opens=java.base/java.util=ALL-UNNAMED --add-opens=java.base/java.lang=ALL-UNNAMED --add-opens=java.base/sun.nio.fs=ALL-UNNAMED -Declipse.application=org.eclipse.jdt.ls.core.id1 -Dosgi.bundles.defaultStartLevel=4 -Declipse.product=org.eclipse.jdt.ls.core.product -Djava.import.generatesMetadataFilesAtProjectRoot=false -DDetectVMInstallationsJob.disabled=true -Dfile.encoding=utf8 -XX:+UseParallelGC -XX:GCTimeRatio=4 -XX:AdaptiveSizePolicyWeight=90 -Dsun.zip.disableMemoryMapping=true -Xmx2G -Xms100m -Xlog:disable -javaagent:c:\Users\manan\.vscode\extensions\redhat.java-1.44.0-win32-x64\lombok\lombok-1.18.39-4050.jar -XX:+HeapDumpOnOutOfMemoryError -XX:HeapDumpPath=c:\Users\manan\AppData\Roaming\Code\User\workspaceStorage\446918f447d380bc4bd8d35023d68a69\redhat.java -Daether.dependencyCollector.impl=bf 
java_command: c:\Users\manan\.vscode\extensions\redhat.java-1.44.0-win32-x64\server\plugins\org.eclipse.equinox.launcher_1.7.0.v20250519-0528.jar -configuration c:\Users\manan\AppData\Roaming\Code\User\globalStorage\redhat.java\1.44.0\config_win -data c:\Users\manan\AppData\Roaming\Code\User\workspaceStorage\446918f447d380bc4bd8d35023d68a69\redhat.java\jdt_ws --pipe=\\.\pipe\lsp-b783dd49341b348302ad77c4f5a4a18e-sock
java_class_path (initial): c:\Users\manan\.vscode\extensions\redhat.java-1.44.0-win32-x64\server\plugins\org.eclipse.equinox.launcher_1.7.0.v20250519-0528.jar
Launcher Type: SUN_STANDARD

[Global flags]
    uintx AdaptiveSizePolicyWeight                 = 90                                        {product} {command line}
     intx CICompilerCount                          = 4                                         {product} {ergonomic}
    uintx GCTimeRatio                              = 4                                         {product} {command line}
     bool HeapDumpOnOutOfMemoryError               = true                                   {manageable} {command line}
    ccstr HeapDumpPath                             = c:\Users\manan\AppData\Roaming\Code\User\workspaceStorage\446918f447d380bc4bd8d35023d68a69\redhat.java         {manageable} {command line}
   size_t InitialHeapSize                          = 104857600                                 {product} {command line}
   size_t MaxHeapSize                              = 2147483648                                {product} {command line}
   size_t MaxNewSize                               = 715653120                                 {product} {ergonomic}
   size_t MinHeapDeltaBytes                        = 524288                                    {product} {ergonomic}
   size_t MinHeapSize                              = 104857600                                 {product} {command line}
   size_t NewSize                                  = 34603008                                  {product} {ergonomic}
    uintx NonNMethodCodeHeapSize                   = 5839372                                {pd product} {ergonomic}
    uintx NonProfiledCodeHeapSize                  = 122909434                              {pd product} {ergonomic}
   size_t OldSize                                  = 70254592                                  {product} {ergonomic}
    uintx ProfiledCodeHeapSize                     = 122909434                              {pd product} {ergonomic}
    uintx ReservedCodeCacheSize                    = 251658240                              {pd product} {ergonomic}
     bool SegmentedCodeCache                       = true                                      {product} {ergonomic}
   size_t SoftMaxHeapSize                          = 2147483648                             {manageable} {ergonomic}
     bool UseCompressedOops                        = true                           {product lp64_product} {ergonomic}
     bool UseLargePagesIndividualAllocation        = false                                  {pd product} {ergonomic}
     bool UseParallelGC                            = true                                      {product} {command line}

Logging:
Log output configuration:
 #0: stdout all=off uptime,level,tags foldmultilines=false
 #1: stderr all=off uptime,level,tags foldmultilines=false

Environment Variables:
JAVA_HOME=C:\Program Files\Eclipse Adoptium\jdk-17.0.14.7-hotspot\
PATH=C:\Program Files\Eclipse Adoptium\jdk-17.0.14.7-hotspot\bin;C:\Program Files\Python313\Scripts\;C:\Program Files\Python313\;C:\WINDOWS\system32;C:\WINDOWS;C:\WINDOWS\System32\Wbem;C:\WINDOWS\System32\WindowsPowerShell\v1.0\;C:\WINDOWS\System32\OpenSSH\;C:\MinGW\bin;C:\Program Files\MySQL\MySQL Server 8.0\bin;C:\Program Files\nodejs\;D:\GIT\Git\cmd;C:\Program Files\Git LFS;C:\Program Files (x86)\Microsoft SQL Server\160\Tools\Binn\;C:\Program Files\Microsoft SQL Server\160\Tools\Binn\;C:\Program Files\Microsoft SQL Server\Client SDK\ODBC\170\Tools\Binn\;C:\Program Files\Microsoft SQL Server\160\DTS\Binn\;C:\Users\manan\anaconda3;C:\Users\manan\anaconda3\Library\mingw-w64\bin;C:\Users\manan\anaconda3\Library\usr\bin;C:\Users\manan\anaconda3\Library\bin;C:\Users\manan\anaconda3\Scripts;C:\Users\manan\AppData\Local\Programs\Python\Python311\Scripts\;C:\Users\manan\AppData\Local\Programs\Python\Python311\;C:\Program Files\MySQL\MySQL Shell 8.0\bin\;C:\MinGW\bin;C:\Users\manan\AppData\Local\Microsoft\WindowsApps;C:\msys64\ucrt64\bin;C:\Users\manan\AppData\Local\Programs\Microsoft VS Code\bin;C:\GnuWin32\bin;C:\Users\manan\AppData\Roaming\npm;C:\Program Files\nodejs;C:\Users\manan\AppData\Local\GitHubDesktop\bin;C:\Users\manan\AppData\Local\Programs\cursor\resources\app\bin
USERNAME=manan
OS=Windows_NT
PROCESSOR_IDENTIFIER=Intel64 Family 6 Model 154 Stepping 4, GenuineIntel
TMP=C:\Users\manan\AppData\Local\Temp
TEMP=C:\Users\manan\AppData\Local\Temp




Periodic native trim disabled

---------------  S Y S T E M  ---------------

OS:
 Windows 11 , 64 bit Build 26100 (10.0.26100.4768)
OS uptime: 7 days 16:54 hours
Hyper-V role detected

CPU: total 12 (initial active 12) (6 cores per cpu, 2 threads per core) family 6 model 154 stepping 4 microcode 0x42c, cx8, cmov, fxsr, ht, mmx, 3dnowpref, sse, sse2, sse3, ssse3, sse4.1, sse4.2, popcnt, lzcnt, tsc, tscinvbit, avx, avx2, aes, erms, clmul, bmi1, bmi2, adx, sha, fma, vzeroupper, clflush, clflushopt, clwb, hv, serialize, rdtscp, rdpid, fsrm, f16c, cet_ibt, cet_ss
Processor Information for processor 0
  Max Mhz: 1300, Current Mhz: 1300, Mhz Limit: 1300
Processor Information for processor 1
  Max Mhz: 1300, Current Mhz: 1300, Mhz Limit: 1300
Processor Information for processor 2
  Max Mhz: 1300, Current Mhz: 1300, Mhz Limit: 1300
Processor Information for processor 3
  Max Mhz: 1300, Current Mhz: 1300, Mhz Limit: 1300
Processor Information for processor 4
  Max Mhz: 1300, Current Mhz: 900, Mhz Limit: 897
Processor Information for processor 5
  Max Mhz: 1300, Current Mhz: 900, Mhz Limit: 897
Processor Information for processor 6
  Max Mhz: 1300, Current Mhz: 900, Mhz Limit: 897
Processor Information for processor 7
  Max Mhz: 1300, Current Mhz: 900, Mhz Limit: 897
Processor Information for processor 8
  Max Mhz: 1300, Current Mhz: 900, Mhz Limit: 897
Processor Information for processor 9
  Max Mhz: 1300, Current Mhz: 900, Mhz Limit: 897
Processor Information for processor 10
  Max Mhz: 1300, Current Mhz: 900, Mhz Limit: 897
Processor Information for processor 11
  Max Mhz: 1300, Current Mhz: 900, Mhz Limit: 897

Memory: 4k page, system-wide physical 16052M (1097M free)
TotalPageFile size 24418M (AvailPageFile size 4M)
current process WorkingSet (physical memory assigned to process): 762M, peak: 827M
current process commit charge ("private bytes"): 705M, peak: 1643M

vm_info: OpenJDK 64-Bit Server VM (21.0.8+9-LTS) for windows-amd64 JRE (21.0.8+9-LTS), built on 2025-07-15T00:00:00Z by "admin" with MS VC++ 17.7 (VS2022)

END.
